<Event xmlns='http://schemas.microsoft.com/win/2004/08/events/event'><System><Provider Name='Microsoft-Windows-Security-Auditing' Guid='{54849625-5478-4994-A5BA-3E3B0328C30D}'/><EventID>4660</EventID><Version>0</Version><Level>0</Level><Task>12800</Task><Opcode>0</Opcode><Keywords>0x8020000000000000</Keywords><TimeCreated SystemTime='2019-06-06T00:09:26.466086700Z'/><EventRecordID>33435428</EventRecordID><Correlation/><Execution ProcessID='4' ThreadID='9660'/><Channel>Security</Channel><Computer>DESKTOP-AEELV9Q</Computer><Security/></System><EventData><Data Name='SubjectUserSid'>S-1-5-18</Data><Data Name='SubjectUserName'>DESKTOP-AEELV9Q$</Data><Data Name='SubjectDomainName'>WORKGROUP</Data><Data Name='SubjectLogonId'>0x3e7</Data><Data Name='ObjectServer'>Security</Data><Data Name='HandleId'>0xa94</Data><Data Name='ProcessId'>0xe18</Data><Data Name='ProcessName'>C:\Program Files\AhnLab\Safe Transaction\ASDSvc.exe</Data><Data Name='TransactionId'>{00000000-0000-0000-0000-000000000000}</Data></EventData></Event>
<Event xmlns='http://schemas.microsoft.com/win/2004/08/events/event'><System><Provider Name='Microsoft-Windows-Security-Auditing' Guid='{54849625-5478-4994-A5BA-3E3B0328C30D}'/><EventID>4660</EventID><Version>0</Version><Level>0</Level><Task>12800</Task><Opcode>0</Opcode><Keywords>0x8020000000000000</Keywords><TimeCreated SystemTime='2019-06-06T00:09:12.413498500Z'/><EventRecordID>33434993</EventRecordID><Correlation/><Execution ProcessID='4' ThreadID='3584'/><Channel>Security</Channel><Computer>DESKTOP-AEELV9Q</Computer><Security/></System><EventData><Data Name='SubjectUserSid'>S-1-5-21-3292305254-673237663-627579171-1001</Data><Data Name='SubjectUserName'>lee</Data><Data Name='SubjectDomainName'>DESKTOP-AEELV9Q</Data><Data Name='SubjectLogonId'>0xa249d</Data><Data Name='ObjectServer'>Security</Data><Data Name='HandleId'>0x1558</Data><Data Name='ProcessId'>0x2178</Data><Data Name='ProcessName'>C:\Program Files (x86)\Google\Chrome\Application\chrome.exe</Data><Data Name='TransactionId'>{00000000-0000-0000-0000-000000000000}</Data></EventData></Event>
<Event xmlns='http://schemas.microsoft.com/win/2004/08/events/event'><System><Provider Name='Microsoft-Windows-Security-Auditing' Guid='{54849625-5478-4994-A5BA-3E3B0328C30D}'/><EventID>4660</EventID><Version>0</Version><Level>0</Level><Task>12800</Task><Opcode>0</Opcode><Keywords>0x8020000000000000</Keywords><TimeCreated SystemTime='2019-06-06T00:09:10.103855000Z'/><EventRecordID>33434921</EventRecordID><Correlation/><Execution ProcessID='4' ThreadID='9592'/><Channel>Security</Channel><Computer>DESKTOP-AEELV9Q</Computer><Security/></System><EventData><Data Name='SubjectUserSid'>S-1-5-21-3292305254-673237663-627579171-1001</Data><Data Name='SubjectUserName'>lee</Data><Data Name='SubjectDomainName'>DESKTOP-AEELV9Q</Data><Data Name='SubjectLogonId'>0xa249d</Data><Data Name='ObjectServer'>Security</Data><Data Name='HandleId'>0x1cd0</Data><Data Name='ProcessId'>0x2178</Data><Data Name='ProcessName'>C:\Program Files (x86)\Google\Chrome\Application\chrome.exe</Data><Data Name='TransactionId'>{00000000-0000-0000-0000-000000000000}</Data></EventData></Event>
<Event xmlns='http://schemas.microsoft.com/win/2004/08/events/event'><System><Provider Name='Microsoft-Windows-Security-Auditing' Guid='{54849625-5478-4994-A5BA-3E3B0328C30D}'/><EventID>4660</EventID><Version>0</Version><Level>0</Level><Task>12800</Task><Opcode>0</Opcode><Keywords>0x8020000000000000</Keywords><TimeCreated SystemTime='2019-06-06T00:09:03.915651800Z'/><EventRecordID>33434154</EventRecordID><Correlation/><Execution ProcessID='4' ThreadID='412'/><Channel>Security</Channel><Computer>DESKTOP-AEELV9Q</Computer><Security/></System><EventData><Data Name='SubjectUserSid'>S-1-5-21-3292305254-673237663-627579171-1001</Data><Data Name='SubjectUserName'>lee</Data><Data Name='SubjectDomainName'>DESKTOP-AEELV9Q</Data><Data Name='SubjectLogonId'>0xa249d</Data><Data Name='ObjectServer'>Security</Data><Data Name='HandleId'>0xc48</Data><Data Name='ProcessId'>0x20c4</Data><Data Name='ProcessName'>C:\Program Files (x86)\Google\Chrome\Application\chrome.exe</Data><Data Name='TransactionId'>{00000000-0000-0000-0000-000000000000}</Data></EventData></Event>
<Event xmlns='http://schemas.microsoft.com/win/2004/08/events/event'><System><Provider Name='Microsoft-Windows-Security-Auditing' Guid='{54849625-5478-4994-A5BA-3E3B0328C30D}'/><EventID>4660</EventID><Version>0</Version><Level>0</Level><Task>12800</Task><Opcode>0</Opcode><Keywords>0x8020000000000000</Keywords><TimeCreated SystemTime='2019-06-06T00:08:55.571963400Z'/><EventRecordID>33433854</EventRecordID><Correlation/><Execution ProcessID='4' ThreadID='9580'/><Channel>Security</Channel><Computer>DESKTOP-AEELV9Q</Computer><Security/></System><EventData><Data Name='SubjectUserSid'>S-1-5-21-3292305254-673237663-627579171-1001</Data><Data Name='SubjectUserName'>lee</Data><Data Name='SubjectDomainName'>DESKTOP-AEELV9Q</Data><Data Name='SubjectLogonId'>0xa249d</Data><Data Name='ObjectServer'>Security</Data><Data Name='HandleId'>0xd2c</Data><Data Name='ProcessId'>0x20c4</Data><Data Name='ProcessName'>C:\Program Files (x86)\Google\Chrome\Application\chrome.exe</Data><Data Name='TransactionId'>{00000000-0000-0000-0000-000000000000}</Data></EventData></Event>
<Event xmlns='http://schemas.microsoft.com/win/2004/08/events/event'><System><Provider Name='Microsoft-Windows-Security-Auditing' Guid='{54849625-5478-4994-A5BA-3E3B0328C30D}'/><EventID>4660</EventID><Version>0</Version><Level>0</Level><Task>12800</Task><Opcode>0</Opcode><Keywords>0x8020000000000000</Keywords><TimeCreated SystemTime='2019-06-06T00:08:46.540841100Z'/><EventRecordID>33433594</EventRecordID><Correlation/><Execution ProcessID='4' ThreadID='412'/><Channel>Security</Channel><Computer>DESKTOP-AEELV9Q</Computer><Security/></System><EventData><Data Name='SubjectUserSid'>S-1-5-21-3292305254-673237663-627579171-1001</Data><Data Name='SubjectUserName'>lee</Data><Data Name='SubjectDomainName'>DESKTOP-AEELV9Q</Data><Data Name='SubjectLogonId'>0xa249d</Data><Data Name='ObjectServer'>Security</Data><Data Name='HandleId'>0x167c</Data><Data Name='ProcessId'>0x2178</Data><Data Name='ProcessName'>C:\Program Files (x86)\Google\Chrome\Application\chrome.exe</Data><Data Name='TransactionId'>{00000000-0000-0000-0000-000000000000}</Data></EventData></Event>
<Event xmlns='http://schemas.microsoft.com/win/2004/08/events/event'><System><Provider Name='Microsoft-Windows-Security-Auditing' Guid='{54849625-5478-4994-A5BA-3E3B0328C30D}'/><EventID>4660</EventID><Version>0</Version><Level>0</Level><Task>12800</Task><Opcode>0</Opcode><Keywords>0x8020000000000000</Keywords><TimeCreated SystemTime='2019-06-06T00:08:40.794726400Z'/><EventRecordID>33433383</EventRecordID><Correlation/><Execution ProcessID='4' ThreadID='356'/><Channel>Security</Channel><Computer>DESKTOP-AEELV9Q</Computer><Security/></System><EventData><Data Name='SubjectUserSid'>S-1-5-18</Data><Data Name='SubjectUserName'>DESKTOP-AEELV9Q$</Data><Data Name='SubjectDomainName'>WORKGROUP</Data><Data Name='SubjectLogonId'>0x3e7</Data><Data Name='ObjectServer'>Security</Data><Data Name='HandleId'>0x554</Data><Data Name='ProcessId'>0x1b74</Data><Data Name='ProcessName'>C:\Program Files (x86)\v_service\v_member.exe</Data><Data Name='TransactionId'>{00000000-0000-0000-0000-000000000000}</Data></EventData></Event>
<Event xmlns='http://schemas.microsoft.com/win/2004/08/events/event'><System><Provider Name='Microsoft-Windows-Security-Auditing' Guid='{54849625-5478-4994-A5BA-3E3B0328C30D}'/><EventID>4660</EventID><Version>0</Version><Level>0</Level><Task>12800</Task><Opcode>0</Opcode><Keywords>0x8020000000000000</Keywords><TimeCreated SystemTime='2019-06-06T00:08:40.786892500Z'/><EventRecordID>33433368</EventRecordID><Correlation/><Execution ProcessID='4' ThreadID='356'/><Channel>Security</Channel><Computer>DESKTOP-AEELV9Q</Computer><Security/></System><EventData><Data Name='SubjectUserSid'>S-1-5-18</Data><Data Name='SubjectUserName'>DESKTOP-AEELV9Q$</Data><Data Name='SubjectDomainName'>WORKGROUP</Data><Data Name='SubjectLogonId'>0x3e7</Data><Data Name='ObjectServer'>Security</Data><Data Name='HandleId'>0x550</Data><Data Name='ProcessId'>0x1b74</Data><Data Name='ProcessName'>C:\Program Files (x86)\v_service\v_member.exe</Data><Data Name='TransactionId'>{00000000-0000-0000-0000-000000000000}</Data></EventData></Event>
<Event xmlns='http://schemas.microsoft.com/win/2004/08/events/event'><System><Provider Name='Microsoft-Windows-Security-Auditing' Guid='{54849625-5478-4994-A5BA-3E3B0328C30D}'/><EventID>4660</EventID><Version>0</Version><Level>0</Level><Task>12800</Task><Opcode>0</Opcode><Keywords>0x8020000000000000</Keywords><TimeCreated SystemTime='2019-06-06T00:08:40.778179100Z'/><EventRecordID>33433360</EventRecordID><Correlation/><Execution ProcessID='4' ThreadID='356'/><Channel>Security</Channel><Computer>DESKTOP-AEELV9Q</Computer><Security/></System><EventData><Data Name='SubjectUserSid'>S-1-5-18</Data><Data Name='SubjectUserName'>DESKTOP-AEELV9Q$</Data><Data Name='SubjectDomainName'>WORKGROUP</Data><Data Name='SubjectLogonId'>0x3e7</Data><Data Name='ObjectServer'>Security</Data><Data Name='HandleId'>0x550</Data><Data Name='ProcessId'>0x1b74</Data><Data Name='ProcessName'>C:\Program Files (x86)\v_service\v_member.exe</Data><Data Name='TransactionId'>{00000000-0000-0000-0000-000000000000}</Data></EventData></Event>
<Event xmlns='http://schemas.microsoft.com/win/2004/08/events/event'><System><Provider Name='Microsoft-Windows-Security-Auditing' Guid='{54849625-5478-4994-A5BA-3E3B0328C30D}'/><EventID>4660</EventID><Version>0</Version><Level>0</Level><Task>12800</Task><Opcode>0</Opcode><Keywords>0x8020000000000000</Keywords><TimeCreated SystemTime='2019-06-06T00:08:38.815582800Z'/><EventRecordID>33433310</EventRecordID><Correlation/><Execution ProcessID='4' ThreadID='356'/><Channel>Security</Channel><Computer>DESKTOP-AEELV9Q</Computer><Security/></System><EventData><Data Name='SubjectUserSid'>S-1-5-21-3292305254-673237663-627579171-1001</Data><Data Name='SubjectUserName'>lee</Data><Data Name='SubjectDomainName'>DESKTOP-AEELV9Q</Data><Data Name='SubjectLogonId'>0xa249d</Data><Data Name='ObjectServer'>Security</Data><Data Name='HandleId'>0x4b8</Data><Data Name='ProcessId'>0x42c</Data><Data Name='ProcessName'>C:\Program Files (x86)\Kakao\KakaoTalk\KakaoTalk.exe</Data><Data Name='TransactionId'>{00000000-0000-0000-0000-000000000000}</Data></EventData></Event>
<Event xmlns='http://schemas.microsoft.com/win/2004/08/events/event'><System><Provider Name='Microsoft-Windows-Security-Auditing' Guid='{54849625-5478-4994-A5BA-3E3B0328C30D}'/><EventID>4660</EventID><Version>0</Version><Level>0</Level><Task>12800</Task><Opcode>0</Opcode><Keywords>0x8020000000000000</Keywords><TimeCreated SystemTime='2019-06-06T00:08:38.810245900Z'/><EventRecordID>33433308</EventRecordID><Correlation/><Execution ProcessID='4' ThreadID='356'/><Channel>Security</Channel><Computer>DESKTOP-AEELV9Q</Computer><Security/></System><EventData><Data Name='SubjectUserSid'>S-1-5-21-3292305254-673237663-627579171-1001</Data><Data Name='SubjectUserName'>lee</Data><Data Name='SubjectDomainName'>DESKTOP-AEELV9Q</Data><Data Name='SubjectLogonId'>0xa249d</Data><Data Name='ObjectServer'>Security</Data><Data Name='HandleId'>0x518</Data><Data Name='ProcessId'>0x42c</Data><Data Name='ProcessName'>C:\Program Files (x86)\Kakao\KakaoTalk\KakaoTalk.exe</Data><Data Name='TransactionId'>{00000000-0000-0000-0000-000000000000}</Data></EventData></Event>
<Event xmlns='http://schemas.microsoft.com/win/2004/08/events/event'><System><Provider Name='Microsoft-Windows-Security-Auditing' Guid='{54849625-5478-4994-A5BA-3E3B0328C30D}'/><EventID>4660</EventID><Version>0</Version><Level>0</Level><Task>12800</Task><Opcode>0</Opcode><Keywords>0x8020000000000000</Keywords><TimeCreated SystemTime='2019-06-06T00:08:38.405107600Z'/><EventRecordID>33433300</EventRecordID><Correlation/><Execution ProcessID='4' ThreadID='412'/><Channel>Security</Channel><Computer>DESKTOP-AEELV9Q</Computer><Security/></System><EventData><Data Name='SubjectUserSid'>S-1-5-20</Data><Data Name='SubjectUserName'>DESKTOP-AEELV9Q$</Data><Data Name='SubjectDomainName'>WORKGROUP</Data><Data Name='SubjectLogonId'>0x3e4</Data><Data Name='ObjectServer'>Security</Data><Data Name='HandleId'>0x2f0</Data><Data Name='ProcessId'>0x376c</Data><Data Name='ProcessName'>C:\Windows\System32\svchost.exe</Data><Data Name='TransactionId'>{00000000-0000-0000-0000-000000000000}</Data></EventData></Event>
<Event xmlns='http://schemas.microsoft.com/win/2004/08/events/event'><System><Provider Name='Microsoft-Windows-Security-Auditing' Guid='{54849625-5478-4994-A5BA-3E3B0328C30D}'/><EventID>4660</EventID><Version>0</Version><Level>0</Level><Task>12800</Task><Opcode>0</Opcode><Keywords>0x8020000000000000</Keywords><TimeCreated SystemTime='2019-06-06T00:08:38.404846300Z'/><EventRecordID>33433298</EventRecordID><Correlation/><Execution ProcessID='4' ThreadID='412'/><Channel>Security</Channel><Computer>DESKTOP-AEELV9Q</Computer><Security/></System><EventData><Data Name='SubjectUserSid'>S-1-5-20</Data><Data Name='SubjectUserName'>DESKTOP-AEELV9Q$</Data><Data Name='SubjectDomainName'>WORKGROUP</Data><Data Name='SubjectLogonId'>0x3e4</Data><Data Name='ObjectServer'>Security</Data><Data Name='HandleId'>0x2f0</Data><Data Name='ProcessId'>0x376c</Data><Data Name='ProcessName'>C:\Windows\System32\svchost.exe</Data><Data Name='TransactionId'>{00000000-0000-0000-0000-000000000000}</Data></EventData></Event>
<Event xmlns='http://schemas.microsoft.com/win/2004/08/events/event'><System><Provider Name='Microsoft-Windows-Security-Auditing' Guid='{54849625-5478-4994-A5BA-3E3B0328C30D}'/><EventID>4660</EventID><Version>0</Version><Level>0</Level><Task>12800</Task><Opcode>0</Opcode><Keywords>0x8020000000000000</Keywords><TimeCreated SystemTime='2019-06-06T00:08:36.274338600Z'/><EventRecordID>33433260</EventRecordID><Correlation/><Execution ProcessID='4' ThreadID='356'/><Channel>Security</Channel><Computer>DESKTOP-AEELV9Q</Computer><Security/></System><EventData><Data Name='SubjectUserSid'>S-1-5-21-3292305254-673237663-627579171-1001</Data><Data Name='SubjectUserName'>lee</Data><Data Name='SubjectDomainName'>DESKTOP-AEELV9Q</Data><Data Name='SubjectLogonId'>0xa249d</Data><Data Name='ObjectServer'>Security</Data><Data Name='HandleId'>0xad4</Data><Data Name='ProcessId'>0x2178</Data><Data Name='ProcessName'>C:\Program Files (x86)\Google\Chrome\Application\chrome.exe</Data><Data Name='TransactionId'>{00000000-0000-0000-0000-000000000000}</Data></EventData></Event>
<Event xmlns='http://schemas.microsoft.com/win/2004/08/events/event'><System><Provider Name='Microsoft-Windows-Security-Auditing' Guid='{54849625-5478-4994-A5BA-3E3B0328C30D}'/><EventID>4660</EventID><Version>0</Version><Level>0</Level><Task>12800</Task><Opcode>0</Opcode><Keywords>0x8020000000000000</Keywords><TimeCreated SystemTime='2019-06-06T00:08:27.922138700Z'/><EventRecordID>33433053</EventRecordID><Correlation/><Execution ProcessID='4' ThreadID='384'/><Channel>Security</Channel><Computer>DESKTOP-AEELV9Q</Computer><Security/></System><EventData><Data Name='SubjectUserSid'>S-1-5-21-3292305254-673237663-627579171-1001</Data><Data Name='SubjectUserName'>lee</Data><Data Name='SubjectDomainName'>DESKTOP-AEELV9Q</Data><Data Name='SubjectLogonId'>0xa249d</Data><Data Name='ObjectServer'>Security</Data><Data Name='HandleId'>0xa1c</Data><Data Name='ProcessId'>0x3688</Data><Data Name='ProcessName'>C:\Users\lee\AppData\Roaming\uTorrent\uTorrent.exe</Data><Data Name='TransactionId'>{00000000-0000-0000-0000-000000000000}</Data></EventData></Event>
<Event xmlns='http://schemas.microsoft.com/win/2004/08/events/event'><System><Provider Name='Microsoft-Windows-Security-Auditing' Guid='{54849625-5478-4994-A5BA-3E3B0328C30D}'/><EventID>4660</EventID><Version>0</Version><Level>0</Level><Task>12800</Task><Opcode>0</Opcode><Keywords>0x8020000000000000</Keywords><TimeCreated SystemTime='2019-06-06T00:08:26.523874700Z'/><EventRecordID>33433006</EventRecordID><Correlation/><Execution ProcessID='4' ThreadID='412'/><Channel>Security</Channel><Computer>DESKTOP-AEELV9Q</Computer><Security/></System><EventData><Data Name='SubjectUserSid'>S-1-5-21-3292305254-673237663-627579171-1001</Data><Data Name='SubjectUserName'>lee</Data><Data Name='SubjectDomainName'>DESKTOP-AEELV9Q</Data><Data Name='SubjectLogonId'>0xa249d</Data><Data Name='ObjectServer'>Security</Data><Data Name='HandleId'>0x1004</Data><Data Name='ProcessId'>0x2178</Data><Data Name='ProcessName'>C:\Program Files (x86)\Google\Chrome\Application\chrome.exe</Data><Data Name='TransactionId'>{00000000-0000-0000-0000-000000000000}</Data></EventData></Event>
<Event xmlns='http://schemas.microsoft.com/win/2004/08/events/event'><System><Provider Name='Microsoft-Windows-Security-Auditing' Guid='{54849625-5478-4994-A5BA-3E3B0328C30D}'/><EventID>4660</EventID><Version>0</Version><Level>0</Level><Task>12800</Task><Opcode>0</Opcode><Keywords>0x8020000000000000</Keywords><TimeCreated SystemTime='2019-06-06T00:08:26.466376100Z'/><EventRecordID>33432987</EventRecordID><Correlation/><Execution ProcessID='4' ThreadID='412'/><Channel>Security</Channel><Computer>DESKTOP-AEELV9Q</Computer><Security/></System><EventData><Data Name='SubjectUserSid'>S-1-5-18</Data><Data Name='SubjectUserName'>DESKTOP-AEELV9Q$</Data><Data Name='SubjectDomainName'>WORKGROUP</Data><Data Name='SubjectLogonId'>0x3e7</Data><Data Name='ObjectServer'>Security</Data><Data Name='HandleId'>0xaac</Data><Data Name='ProcessId'>0xe18</Data><Data Name='ProcessName'>C:\Program Files\AhnLab\Safe Transaction\ASDSvc.exe</Data><Data Name='TransactionId'>{00000000-0000-0000-0000-000000000000}</Data></EventData></Event>
<Event xmlns='http://schemas.microsoft.com/win/2004/08/events/event'><System><Provider Name='Microsoft-Windows-Security-Auditing' Guid='{54849625-5478-4994-A5BA-3E3B0328C30D}'/><EventID>4660</EventID><Version>0</Version><Level>0</Level><Task>12800</Task><Opcode>0</Opcode><Keywords>0x8020000000000000</Keywords><TimeCreated SystemTime='2019-06-06T00:08:25.871696400Z'/><EventRecordID>33432761</EventRecordID><Correlation/><Execution ProcessID='4' ThreadID='9628'/><Channel>Security</Channel><Computer>DESKTOP-AEELV9Q</Computer><Security/></System><EventData><Data Name='SubjectUserSid'>S-1-5-18</Data><Data Name='SubjectUserName'>DESKTOP-AEELV9Q$</Data><Data Name='SubjectDomainName'>WORKGROUP</Data><Data Name='SubjectLogonId'>0x3e7</Data><Data Name='ObjectServer'>Security</Data><Data Name='HandleId'>0xb84</Data><Data Name='ProcessId'>0xdac</Data><Data Name='ProcessName'>C:\Windows\System32\svchost.exe</Data><Data Name='TransactionId'>{00000000-0000-0000-0000-000000000000}</Data></EventData></Event>
<Event xmlns='http://schemas.microsoft.com/win/2004/08/events/event'><System><Provider Name='Microsoft-Windows-Security-Auditing' Guid='{54849625-5478-4994-A5BA-3E3B0328C30D}'/><EventID>4660</EventID><Version>0</Version><Level>0</Level><Task>12800</Task><Opcode>0</Opcode><Keywords>0x8020000000000000</Keywords><TimeCreated SystemTime='2019-06-06T00:08:25.871481000Z'/><EventRecordID>33432759</EventRecordID><Correlation/><Execution ProcessID='4' ThreadID='9628'/><Channel>Security</Channel><Computer>DESKTOP-AEELV9Q</Computer><Security/></System><EventData><Data Name='SubjectUserSid'>S-1-5-18</Data><Data Name='SubjectUserName'>DESKTOP-AEELV9Q$</Data><Data Name='SubjectDomainName'>WORKGROUP</Data><Data Name='SubjectLogonId'>0x3e7</Data><Data Name='ObjectServer'>Security</Data><Data Name='HandleId'>0xb84</Data><Data Name='ProcessId'>0xdac</Data><Data Name='ProcessName'>C:\Windows\System32\svchost.exe</Data><Data Name='TransactionId'>{00000000-0000-0000-0000-000000000000}</Data></EventData></Event>
<Event xmlns='http://schemas.microsoft.com/win/2004/08/events/event'><System><Provider Name='Microsoft-Windows-Security-Auditing' Guid='{54849625-5478-4994-A5BA-3E3B0328C30D}'/><EventID>4660</EventID><Version>0</Version><Level>0</Level><Task>12800</Task><Opcode>0</Opcode><Keywords>0x8020000000000000</Keywords><TimeCreated SystemTime='2019-06-06T00:08:25.856444200Z'/><EventRecordID>33432714</EventRecordID><Correlation/><Execution ProcessID='4' ThreadID='3596'/><Channel>Security</Channel><Computer>DESKTOP-AEELV9Q</Computer><Security/></System><EventData><Data Name='SubjectUserSid'>S-1-5-18</Data><Data Name='SubjectUserName'>DESKTOP-AEELV9Q$</Data><Data Name='SubjectDomainName'>WORKGROUP</Data><Data Name='SubjectLogonId'>0x3e7</Data><Data Name='ObjectServer'>Security</Data><Data Name='HandleId'>0x890</Data><Data Name='ProcessId'>0xdac</Data><Data Name='ProcessName'>C:\Windows\System32\svchost.exe</Data><Data Name='TransactionId'>{00000000-0000-0000-0000-000000000000}</Data></EventData></Event>
<Event xmlns='http://schemas.microsoft.com/win/2004/08/events/event'><System><Provider Name='Microsoft-Windows-Security-Auditing' Guid='{54849625-5478-4994-A5BA-3E3B0328C30D}'/><EventID>4660</EventID><Version>0</Version><Level>0</Level><Task>12800</Task><Opcode>0</Opcode><Keywords>0x8020000000000000</Keywords><TimeCreated SystemTime='2019-06-06T00:08:25.856205500Z'/><EventRecordID>33432712</EventRecordID><Correlation/><Execution ProcessID='4' ThreadID='3596'/><Channel>Security</Channel><Computer>DESKTOP-AEELV9Q</Computer><Security/></System><EventData><Data Name='SubjectUserSid'>S-1-5-18</Data><Data Name='SubjectUserName'>DESKTOP-AEELV9Q$</Data><Data Name='SubjectDomainName'>WORKGROUP</Data><Data Name='SubjectLogonId'>0x3e7</Data><Data Name='ObjectServer'>Security</Data><Data Name='HandleId'>0x890</Data><Data Name='ProcessId'>0xdac</Data><Data Name='ProcessName'>C:\Windows\System32\svchost.exe</Data><Data Name='TransactionId'>{00000000-0000-0000-0000-000000000000}</Data></EventData></Event>
<Event xmlns='http://schemas.microsoft.com/win/2004/08/events/event'><System><Provider Name='Microsoft-Windows-Security-Auditing' Guid='{54849625-5478-4994-A5BA-3E3B0328C30D}'/><EventID>4660</EventID><Version>0</Version><Level>0</Level><Task>12800</Task><Opcode>0</Opcode><Keywords>0x8020000000000000</Keywords><TimeCreated SystemTime='2019-06-06T00:08:07.488568900Z'/><EventRecordID>33432317</EventRecordID><Correlation/><Execution ProcessID='4' ThreadID='356'/><Channel>Security</Channel><Computer>DESKTOP-AEELV9Q</Computer><Security/></System><EventData><Data Name='SubjectUserSid'>S-1-5-21-3292305254-673237663-627579171-1001</Data><Data Name='SubjectUserName'>lee</Data><Data Name='SubjectDomainName'>DESKTOP-AEELV9Q</Data><Data Name='SubjectLogonId'>0xa249d</Data><Data Name='ObjectServer'>Security</Data><Data Name='HandleId'>0x4b8</Data><Data Name='ProcessId'>0x42c</Data><Data Name='ProcessName'>C:\Program Files (x86)\Kakao\KakaoTalk\KakaoTalk.exe</Data><Data Name='TransactionId'>{00000000-0000-0000-0000-000000000000}</Data></EventData></Event>
<Event xmlns='http://schemas.microsoft.com/win/2004/08/events/event'><System><Provider Name='Microsoft-Windows-Security-Auditing' Guid='{54849625-5478-4994-A5BA-3E3B0328C30D}'/><EventID>4660</EventID><Version>0</Version><Level>0</Level><Task>12800</Task><Opcode>0</Opcode><Keywords>0x8020000000000000</Keywords><TimeCreated SystemTime='2019-06-06T00:08:07.482211000Z'/><EventRecordID>33432315</EventRecordID><Correlation/><Execution ProcessID='4' ThreadID='356'/><Channel>Security</Channel><Computer>DESKTOP-AEELV9Q</Computer><Security/></System><EventData><Data Name='SubjectUserSid'>S-1-5-21-3292305254-673237663-627579171-1001</Data><Data Name='SubjectUserName'>lee</Data><Data Name='SubjectDomainName'>DESKTOP-AEELV9Q</Data><Data Name='SubjectLogonId'>0xa249d</Data><Data Name='ObjectServer'>Security</Data><Data Name='HandleId'>0x518</Data><Data Name='ProcessId'>0x42c</Data><Data Name='ProcessName'>C:\Program Files (x86)\Kakao\KakaoTalk\KakaoTalk.exe</Data><Data Name='TransactionId'>{00000000-0000-0000-0000-000000000000}</Data></EventData></Event>
<Event xmlns='http://schemas.microsoft.com/win/2004/08/events/event'><System><Provider Name='Microsoft-Windows-Security-Auditing' Guid='{54849625-5478-4994-A5BA-3E3B0328C30D}'/><EventID>4660</EventID><Version>0</Version><Level>0</Level><Task>12800</Task><Opcode>0</Opcode><Keywords>0x8020000000000000</Keywords><TimeCreated SystemTime='2019-06-06T00:07:48.896236800Z'/><EventRecordID>33431964</EventRecordID><Correlation/><Execution ProcessID='4' ThreadID='356'/><Channel>Security</Channel><Computer>DESKTOP-AEELV9Q</Computer><Security/></System><EventData><Data Name='SubjectUserSid'>S-1-5-21-3292305254-673237663-627579171-1001</Data><Data Name='SubjectUserName'>lee</Data><Data Name='SubjectDomainName'>DESKTOP-AEELV9Q</Data><Data Name='SubjectLogonId'>0xa249d</Data><Data Name='ObjectServer'>Security</Data><Data Name='HandleId'>0x4b8</Data><Data Name='ProcessId'>0x42c</Data><Data Name='ProcessName'>C:\Program Files (x86)\Kakao\KakaoTalk\KakaoTalk.exe</Data><Data Name='TransactionId'>{00000000-0000-0000-0000-000000000000}</Data></EventData></Event>
<Event xmlns='http://schemas.microsoft.com/win/2004/08/events/event'><System><Provider Name='Microsoft-Windows-Security-Auditing' Guid='{54849625-5478-4994-A5BA-3E3B0328C30D}'/><EventID>4660</EventID><Version>0</Version><Level>0</Level><Task>12800</Task><Opcode>0</Opcode><Keywords>0x8020000000000000</Keywords><TimeCreated SystemTime='2019-06-06T00:07:48.891012100Z'/><EventRecordID>33431962</EventRecordID><Correlation/><Execution ProcessID='4' ThreadID='356'/><Channel>Security</Channel><Computer>DESKTOP-AEELV9Q</Computer><Security/></System><EventData><Data Name='SubjectUserSid'>S-1-5-21-3292305254-673237663-627579171-1001</Data><Data Name='SubjectUserName'>lee</Data><Data Name='SubjectDomainName'>DESKTOP-AEELV9Q</Data><Data Name='SubjectLogonId'>0xa249d</Data><Data Name='ObjectServer'>Security</Data><Data Name='HandleId'>0x518</Data><Data Name='ProcessId'>0x42c</Data><Data Name='ProcessName'>C:\Program Files (x86)\Kakao\KakaoTalk\KakaoTalk.exe</Data><Data Name='TransactionId'>{00000000-0000-0000-0000-000000000000}</Data></EventData></Event>
<Event xmlns='http://schemas.microsoft.com/win/2004/08/events/event'><System><Provider Name='Microsoft-Windows-Security-Auditing' Guid='{54849625-5478-4994-A5BA-3E3B0328C30D}'/><EventID>4660</EventID><Version>0</Version><Level>0</Level><Task>12800</Task><Opcode>0</Opcode><Keywords>0x8020000000000000</Keywords><TimeCreated SystemTime='2019-06-06T00:07:46.086021100Z'/><EventRecordID>33431945</EventRecordID><Correlation/><Execution ProcessID='4' ThreadID='9652'/><Channel>Security</Channel><Computer>DESKTOP-AEELV9Q</Computer><Security/></System><EventData><Data Name='SubjectUserSid'>S-1-5-21-3292305254-673237663-627579171-1001</Data><Data Name='SubjectUserName'>lee</Data><Data Name='SubjectDomainName'>DESKTOP-AEELV9Q</Data><Data Name='SubjectLogonId'>0xa249d</Data><Data Name='ObjectServer'>Security</Data><Data Name='HandleId'>0x4b8</Data><Data Name='ProcessId'>0x42c</Data><Data Name='ProcessName'>C:\Program Files (x86)\Kakao\KakaoTalk\KakaoTalk.exe</Data><Data Name='TransactionId'>{00000000-0000-0000-0000-000000000000}</Data></EventData></Event>
<Event xmlns='http://schemas.microsoft.com/win/2004/08/events/event'><System><Provider Name='Microsoft-Windows-Security-Auditing' Guid='{54849625-5478-4994-A5BA-3E3B0328C30D}'/><EventID>4660</EventID><Version>0</Version><Level>0</Level><Task>12800</Task><Opcode>0</Opcode><Keywords>0x8020000000000000</Keywords><TimeCreated SystemTime='2019-06-06T00:07:46.080066300Z'/><EventRecordID>33431943</EventRecordID><Correlation/><Execution ProcessID='4' ThreadID='9652'/><Channel>Security</Channel><Computer>DESKTOP-AEELV9Q</Computer><Security/></System><EventData><Data Name='SubjectUserSid'>S-1-5-21-3292305254-673237663-627579171-1001</Data><Data Name='SubjectUserName'>lee</Data><Data Name='SubjectDomainName'>DESKTOP-AEELV9Q</Data><Data Name='SubjectLogonId'>0xa249d</Data><Data Name='ObjectServer'>Security</Data><Data Name='HandleId'>0x518</Data><Data Name='ProcessId'>0x42c</Data><Data Name='ProcessName'>C:\Program Files (x86)\Kakao\KakaoTalk\KakaoTalk.exe</Data><Data Name='TransactionId'>{00000000-0000-0000-0000-000000000000}</Data></EventData></Event>
<Event xmlns='http://schemas.microsoft.com/win/2004/08/events/event'><System><Provider Name='Microsoft-Windows-Security-Auditing' Guid='{54849625-5478-4994-A5BA-3E3B0328C30D}'/><EventID>4660</EventID><Version>0</Version><Level>0</Level><Task>12800</Task><Opcode>0</Opcode><Keywords>0x8020000000000000</Keywords><TimeCreated SystemTime='2019-06-06T00:07:44.864158800Z'/><EventRecordID>33431891</EventRecordID><Correlation/><Execution ProcessID='4' ThreadID='356'/><Channel>Security</Channel><Computer>DESKTOP-AEELV9Q</Computer><Security/></System><EventData><Data Name='SubjectUserSid'>S-1-5-21-3292305254-673237663-627579171-1001</Data><Data Name='SubjectUserName'>lee</Data><Data Name='SubjectDomainName'>DESKTOP-AEELV9Q</Data><Data Name='SubjectLogonId'>0xa249d</Data><Data Name='ObjectServer'>Security</Data><Data Name='HandleId'>0x514</Data><Data Name='ProcessId'>0x42c</Data><Data Name='ProcessName'>C:\Program Files (x86)\Kakao\KakaoTalk\KakaoTalk.exe</Data><Data Name='TransactionId'>{00000000-0000-0000-0000-000000000000}</Data></EventData></Event>
<Event xmlns='http://schemas.microsoft.com/win/2004/08/events/event'><System><Provider Name='Microsoft-Windows-Security-Auditing' Guid='{54849625-5478-4994-A5BA-3E3B0328C30D}'/><EventID>4660</EventID><Version>0</Version><Level>0</Level><Task>12800</Task><Opcode>0</Opcode><Keywords>0x8020000000000000</Keywords><TimeCreated SystemTime='2019-06-06T00:07:44.858779100Z'/><EventRecordID>33431889</EventRecordID><Correlation/><Execution ProcessID='4' ThreadID='356'/><Channel>Security</Channel><Computer>DESKTOP-AEELV9Q</Computer><Security/></System><EventData><Data Name='SubjectUserSid'>S-1-5-21-3292305254-673237663-627579171-1001</Data><Data Name='SubjectUserName'>lee</Data><Data Name='SubjectDomainName'>DESKTOP-AEELV9Q</Data><Data Name='SubjectLogonId'>0xa249d</Data><Data Name='ObjectServer'>Security</Data><Data Name='HandleId'>0x4b8</Data><Data Name='ProcessId'>0x42c</Data><Data Name='ProcessName'>C:\Program Files (x86)\Kakao\KakaoTalk\KakaoTalk.exe</Data><Data Name='TransactionId'>{00000000-0000-0000-0000-000000000000}</Data></EventData></Event>
<Event xmlns='http://schemas.microsoft.com/win/2004/08/events/event'><System><Provider Name='Microsoft-Windows-Security-Auditing' Guid='{54849625-5478-4994-A5BA-3E3B0328C30D}'/><EventID>4660</EventID><Version>0</Version><Level>0</Level><Task>12800</Task><Opcode>0</Opcode><Keywords>0x8020000000000000</Keywords><TimeCreated SystemTime='2019-06-06T00:07:41.413478500Z'/><EventRecordID>33431825</EventRecordID><Correlation/><Execution ProcessID='4' ThreadID='356'/><Channel>Security</Channel><Computer>DESKTOP-AEELV9Q</Computer><Security/></System><EventData><Data Name='SubjectUserSid'>S-1-5-21-3292305254-673237663-627579171-1001</Data><Data Name='SubjectUserName'>lee</Data><Data Name='SubjectDomainName'>DESKTOP-AEELV9Q</Data><Data Name='SubjectLogonId'>0xa249d</Data><Data Name='ObjectServer'>Security</Data><Data Name='HandleId'>0x4bc</Data><Data Name='ProcessId'>0x42c</Data><Data Name='ProcessName'>C:\Program Files (x86)\Kakao\KakaoTalk\KakaoTalk.exe</Data><Data Name='TransactionId'>{00000000-0000-0000-0000-000000000000}</Data></EventData></Event>
<Event xmlns='http://schemas.microsoft.com/win/2004/08/events/event'><System><Provider Name='Microsoft-Windows-Security-Auditing' Guid='{54849625-5478-4994-A5BA-3E3B0328C30D}'/><EventID>4660</EventID><Version>0</Version><Level>0</Level><Task>12800</Task><Opcode>0</Opcode><Keywords>0x8020000000000000</Keywords><TimeCreated SystemTime='2019-06-06T00:07:41.408254700Z'/><EventRecordID>33431823</EventRecordID><Correlation/><Execution ProcessID='4' ThreadID='356'/><Channel>Security</Channel><Computer>DESKTOP-AEELV9Q</Computer><Security/></System><EventData><Data Name='SubjectUserSid'>S-1-5-21-3292305254-673237663-627579171-1001</Data><Data Name='SubjectUserName'>lee</Data><Data Name='SubjectDomainName'>DESKTOP-AEELV9Q</Data><Data Name='SubjectLogonId'>0xa249d</Data><Data Name='ObjectServer'>Security</Data><Data Name='HandleId'>0x4b8</Data><Data Name='ProcessId'>0x42c</Data><Data Name='ProcessName'>C:\Program Files (x86)\Kakao\KakaoTalk\KakaoTalk.exe</Data><Data Name='TransactionId'>{00000000-0000-0000-0000-000000000000}</Data></EventData></Event>
<Event xmlns='http://schemas.microsoft.com/win/2004/08/events/event'><System><Provider Name='Microsoft-Windows-Security-Auditing' Guid='{54849625-5478-4994-A5BA-3E3B0328C30D}'/><EventID>4660</EventID><Version>0</Version><Level>0</Level><Task>12800</Task><Opcode>0</Opcode><Keywords>0x8020000000000000</Keywords><TimeCreated SystemTime='2019-06-06T00:07:36.097397100Z'/><EventRecordID>33431730</EventRecordID><Correlation/><Execution ProcessID='4' ThreadID='9652'/><Channel>Security</Channel><Computer>DESKTOP-AEELV9Q</Computer><Security/></System><EventData><Data Name='SubjectUserSid'>S-1-5-21-3292305254-673237663-627579171-1001</Data><Data Name='SubjectUserName'>lee</Data><Data Name='SubjectDomainName'>DESKTOP-AEELV9Q</Data><Data Name='SubjectLogonId'>0xa249d</Data><Data Name='ObjectServer'>Security</Data><Data Name='HandleId'>0x4bc</Data><Data Name='ProcessId'>0x42c</Data><Data Name='ProcessName'>C:\Program Files (x86)\Kakao\KakaoTalk\KakaoTalk.exe</Data><Data Name='TransactionId'>{00000000-0000-0000-0000-000000000000}</Data></EventData></Event>
<Event xmlns='http://schemas.microsoft.com/win/2004/08/events/event'><System><Provider Name='Microsoft-Windows-Security-Auditing' Guid='{54849625-5478-4994-A5BA-3E3B0328C30D}'/><EventID>4660</EventID><Version>0</Version><Level>0</Level><Task>12800</Task><Opcode>0</Opcode><Keywords>0x8020000000000000</Keywords><TimeCreated SystemTime='2019-06-06T00:07:36.092292500Z'/><EventRecordID>33431728</EventRecordID><Correlation/><Execution ProcessID='4' ThreadID='9652'/><Channel>Security</Channel><Computer>DESKTOP-AEELV9Q</Computer><Security/></System><EventData><Data Name='SubjectUserSid'>S-1-5-21-3292305254-673237663-627579171-1001</Data><Data Name='SubjectUserName'>lee</Data><Data Name='SubjectDomainName'>DESKTOP-AEELV9Q</Data><Data Name='SubjectLogonId'>0xa249d</Data><Data Name='ObjectServer'>Security</Data><Data Name='HandleId'>0x4b8</Data><Data Name='ProcessId'>0x42c</Data><Data Name='ProcessName'>C:\Program Files (x86)\Kakao\KakaoTalk\KakaoTalk.exe</Data><Data Name='TransactionId'>{00000000-0000-0000-0000-000000000000}</Data></EventData></Event>
<Event xmlns='http://schemas.microsoft.com/win/2004/08/events/event'><System><Provider Name='Microsoft-Windows-Security-Auditing' Guid='{54849625-5478-4994-A5BA-3E3B0328C30D}'/><EventID>4660</EventID><Version>0</Version><Level>0</Level><Task>12800</Task><Opcode>0</Opcode><Keywords>0x8020000000000000</Keywords><TimeCreated SystemTime='2019-06-06T00:07:26.911260000Z'/><EventRecordID>33431557</EventRecordID><Correlation/><Execution ProcessID='4' ThreadID='9652'/><Channel>Security</Channel><Computer>DESKTOP-AEELV9Q</Computer><Security/></System><EventData><Data Name='SubjectUserSid'>S-1-5-21-3292305254-673237663-627579171-1001</Data><Data Name='SubjectUserName'>lee</Data><Data Name='SubjectDomainName'>DESKTOP-AEELV9Q</Data><Data Name='SubjectLogonId'>0xa249d</Data><Data Name='ObjectServer'>Security</Data><Data Name='HandleId'>0xe1c</Data><Data Name='ProcessId'>0x20c4</Data><Data Name='ProcessName'>C:\Program Files (x86)\Google\Chrome\Application\chrome.exe</Data><Data Name='TransactionId'>{00000000-0000-0000-0000-000000000000}</Data></EventData></Event>
<Event xmlns='http://schemas.microsoft.com/win/2004/08/events/event'><System><Provider Name='Microsoft-Windows-Security-Auditing' Guid='{54849625-5478-4994-A5BA-3E3B0328C30D}'/><EventID>4660</EventID><Version>0</Version><Level>0</Level><Task>12800</Task><Opcode>0</Opcode><Keywords>0x8020000000000000</Keywords><TimeCreated SystemTime='2019-06-06T00:07:26.464479600Z'/><EventRecordID>33431532</EventRecordID><Correlation/><Execution ProcessID='4' ThreadID='9652'/><Channel>Security</Channel><Computer>DESKTOP-AEELV9Q</Computer><Security/></System><EventData><Data Name='SubjectUserSid'>S-1-5-18</Data><Data Name='SubjectUserName'>DESKTOP-AEELV9Q$</Data><Data Name='SubjectDomainName'>WORKGROUP</Data><Data Name='SubjectLogonId'>0x3e7</Data><Data Name='ObjectServer'>Security</Data><Data Name='HandleId'>0xaac</Data><Data Name='ProcessId'>0xe18</Data><Data Name='ProcessName'>C:\Program Files\AhnLab\Safe Transaction\ASDSvc.exe</Data><Data Name='TransactionId'>{00000000-0000-0000-0000-000000000000}</Data></EventData></Event>
<Event xmlns='http://schemas.microsoft.com/win/2004/08/events/event'><System><Provider Name='Microsoft-Windows-Security-Auditing' Guid='{54849625-5478-4994-A5BA-3E3B0328C30D}'/><EventID>4660</EventID><Version>0</Version><Level>0</Level><Task>12800</Task><Opcode>0</Opcode><Keywords>0x8020000000000000</Keywords><TimeCreated SystemTime='2019-06-06T00:07:25.359060100Z'/><EventRecordID>33431518</EventRecordID><Correlation/><Execution ProcessID='4' ThreadID='356'/><Channel>Security</Channel><Computer>DESKTOP-AEELV9Q</Computer><Security/></System><EventData><Data Name='SubjectUserSid'>S-1-5-21-3292305254-673237663-627579171-1001</Data><Data Name='SubjectUserName'>lee</Data><Data Name='SubjectDomainName'>DESKTOP-AEELV9Q</Data><Data Name='SubjectLogonId'>0xa249d</Data><Data Name='ObjectServer'>Security</Data><Data Name='HandleId'>0x4ac</Data><Data Name='ProcessId'>0x42c</Data><Data Name='ProcessName'>C:\Program Files (x86)\Kakao\KakaoTalk\KakaoTalk.exe</Data><Data Name='TransactionId'>{00000000-0000-0000-0000-000000000000}</Data></EventData></Event>
<Event xmlns='http://schemas.microsoft.com/win/2004/08/events/event'><System><Provider Name='Microsoft-Windows-Security-Auditing' Guid='{54849625-5478-4994-A5BA-3E3B0328C30D}'/><EventID>4660</EventID><Version>0</Version><Level>0</Level><Task>12800</Task><Opcode>0</Opcode><Keywords>0x8020000000000000</Keywords><TimeCreated SystemTime='2019-06-06T00:07:25.353426600Z'/><EventRecordID>33431516</EventRecordID><Correlation/><Execution ProcessID='4' ThreadID='356'/><Channel>Security</Channel><Computer>DESKTOP-AEELV9Q</Computer><Security/></System><EventData><Data Name='SubjectUserSid'>S-1-5-21-3292305254-673237663-627579171-1001</Data><Data Name='SubjectUserName'>lee</Data><Data Name='SubjectDomainName'>DESKTOP-AEELV9Q</Data><Data Name='SubjectLogonId'>0xa249d</Data><Data Name='ObjectServer'>Security</Data><Data Name='HandleId'>0x4b8</Data><Data Name='ProcessId'>0x42c</Data><Data Name='ProcessName'>C:\Program Files (x86)\Kakao\KakaoTalk\KakaoTalk.exe</Data><Data Name='TransactionId'>{00000000-0000-0000-0000-000000000000}</Data></EventData></Event>
<Event xmlns='http://schemas.microsoft.com/win/2004/08/events/event'><System><Provider Name='Microsoft-Windows-Security-Auditing' Guid='{54849625-5478-4994-A5BA-3E3B0328C30D}'/><EventID>4660</EventID><Version>0</Version><Level>0</Level><Task>12800</Task><Opcode>0</Opcode><Keywords>0x8020000000000000</Keywords><TimeCreated SystemTime='2019-06-06T00:07:23.742606000Z'/><EventRecordID>33431444</EventRecordID><Correlation/><Execution ProcessID='4' ThreadID='9652'/><Channel>Security</Channel><Computer>DESKTOP-AEELV9Q</Computer><Security/></System><EventData><Data Name='SubjectUserSid'>S-1-5-21-3292305254-673237663-627579171-1001</Data><Data Name='SubjectUserName'>lee</Data><Data Name='SubjectDomainName'>DESKTOP-AEELV9Q</Data><Data Name='SubjectLogonId'>0xa249d</Data><Data Name='ObjectServer'>Security</Data><Data Name='HandleId'>0x408</Data><Data Name='ProcessId'>0x3634</Data><Data Name='ProcessName'>C:\Program Files\WindowsApps\microsoft.windowscommunicationsapps_16005.11629.20174.0_x64__8wekyb3d8bbwe\HxTsr.exe</Data><Data Name='TransactionId'>{00000000-0000-0000-0000-000000000000}</Data></EventData></Event>
<Event xmlns='http://schemas.microsoft.com/win/2004/08/events/event'><System><Provider Name='Microsoft-Windows-Security-Auditing' Guid='{54849625-5478-4994-A5BA-3E3B0328C30D}'/><EventID>4660</EventID><Version>0</Version><Level>0</Level><Task>12800</Task><Opcode>0</Opcode><Keywords>0x8020000000000000</Keywords><TimeCreated SystemTime='2019-06-06T00:07:18.771624100Z'/><EventRecordID>33431183</EventRecordID><Correlation/><Execution ProcessID='4' ThreadID='3596'/><Channel>Security</Channel><Computer>DESKTOP-AEELV9Q</Computer><Security/></System><EventData><Data Name='SubjectUserSid'>S-1-5-21-3292305254-673237663-627579171-1001</Data><Data Name='SubjectUserName'>lee</Data><Data Name='SubjectDomainName'>DESKTOP-AEELV9Q</Data><Data Name='SubjectLogonId'>0xa249d</Data><Data Name='ObjectServer'>Security</Data><Data Name='HandleId'>0x4ac</Data><Data Name='ProcessId'>0x42c</Data><Data Name='ProcessName'>C:\Program Files (x86)\Kakao\KakaoTalk\KakaoTalk.exe</Data><Data Name='TransactionId'>{00000000-0000-0000-0000-000000000000}</Data></EventData></Event>
<Event xmlns='http://schemas.microsoft.com/win/2004/08/events/event'><System><Provider Name='Microsoft-Windows-Security-Auditing' Guid='{54849625-5478-4994-A5BA-3E3B0328C30D}'/><EventID>4660</EventID><Version>0</Version><Level>0</Level><Task>12800</Task><Opcode>0</Opcode><Keywords>0x8020000000000000</Keywords><TimeCreated SystemTime='2019-06-06T00:07:18.766098500Z'/><EventRecordID>33431181</EventRecordID><Correlation/><Execution ProcessID='4' ThreadID='3596'/><Channel>Security</Channel><Computer>DESKTOP-AEELV9Q</Computer><Security/></System><EventData><Data Name='SubjectUserSid'>S-1-5-21-3292305254-673237663-627579171-1001</Data><Data Name='SubjectUserName'>lee</Data><Data Name='SubjectDomainName'>DESKTOP-AEELV9Q</Data><Data Name='SubjectLogonId'>0xa249d</Data><Data Name='ObjectServer'>Security</Data><Data Name='HandleId'>0x4e0</Data><Data Name='ProcessId'>0x42c</Data><Data Name='ProcessName'>C:\Program Files (x86)\Kakao\KakaoTalk\KakaoTalk.exe</Data><Data Name='TransactionId'>{00000000-0000-0000-0000-000000000000}</Data></EventData></Event>
<Event xmlns='http://schemas.microsoft.com/win/2004/08/events/event'><System><Provider Name='Microsoft-Windows-Security-Auditing' Guid='{54849625-5478-4994-A5BA-3E3B0328C30D}'/><EventID>4660</EventID><Version>0</Version><Level>0</Level><Task>12800</Task><Opcode>0</Opcode><Keywords>0x8020000000000000</Keywords><TimeCreated SystemTime='2019-06-06T00:07:03.443908700Z'/><EventRecordID>33430846</EventRecordID><Correlation/><Execution ProcessID='4' ThreadID='9616'/><Channel>Security</Channel><Computer>DESKTOP-AEELV9Q</Computer><Security/></System><EventData><Data Name='SubjectUserSid'>S-1-5-21-3292305254-673237663-627579171-1001</Data><Data Name='SubjectUserName'>lee</Data><Data Name='SubjectDomainName'>DESKTOP-AEELV9Q</Data><Data Name='SubjectLogonId'>0xa249d</Data><Data Name='ObjectServer'>Security</Data><Data Name='HandleId'>0x4b4</Data><Data Name='ProcessId'>0x42c</Data><Data Name='ProcessName'>C:\Program Files (x86)\Kakao\KakaoTalk\KakaoTalk.exe</Data><Data Name='TransactionId'>{00000000-0000-0000-0000-000000000000}</Data></EventData></Event>
<Event xmlns='http://schemas.microsoft.com/win/2004/08/events/event'><System><Provider Name='Microsoft-Windows-Security-Auditing' Guid='{54849625-5478-4994-A5BA-3E3B0328C30D}'/><EventID>4660</EventID><Version>0</Version><Level>0</Level><Task>12800</Task><Opcode>0</Opcode><Keywords>0x8020000000000000</Keywords><TimeCreated SystemTime='2019-06-06T00:07:03.437260300Z'/><EventRecordID>33430844</EventRecordID><Correlation/><Execution ProcessID='4' ThreadID='9616'/><Channel>Security</Channel><Computer>DESKTOP-AEELV9Q</Computer><Security/></System><EventData><Data Name='SubjectUserSid'>S-1-5-21-3292305254-673237663-627579171-1001</Data><Data Name='SubjectUserName'>lee</Data><Data Name='SubjectDomainName'>DESKTOP-AEELV9Q</Data><Data Name='SubjectLogonId'>0xa249d</Data><Data Name='ObjectServer'>Security</Data><Data Name='HandleId'>0x4e0</Data><Data Name='ProcessId'>0x42c</Data><Data Name='ProcessName'>C:\Program Files (x86)\Kakao\KakaoTalk\KakaoTalk.exe</Data><Data Name='TransactionId'>{00000000-0000-0000-0000-000000000000}</Data></EventData></Event>
<Event xmlns='http://schemas.microsoft.com/win/2004/08/events/event'><System><Provider Name='Microsoft-Windows-Security-Auditing' Guid='{54849625-5478-4994-A5BA-3E3B0328C30D}'/><EventID>4660</EventID><Version>0</Version><Level>0</Level><Task>12800</Task><Opcode>0</Opcode><Keywords>0x8020000000000000</Keywords><TimeCreated SystemTime='2019-06-06T00:07:00.434811400Z'/><EventRecordID>33430763</EventRecordID><Correlation/><Execution ProcessID='4' ThreadID='3596'/><Channel>Security</Channel><Computer>DESKTOP-AEELV9Q</Computer><Security/></System><EventData><Data Name='SubjectUserSid'>S-1-5-21-3292305254-673237663-627579171-1001</Data><Data Name='SubjectUserName'>lee</Data><Data Name='SubjectDomainName'>DESKTOP-AEELV9Q</Data><Data Name='SubjectLogonId'>0xa249d</Data><Data Name='ObjectServer'>Security</Data><Data Name='HandleId'>0x50c</Data><Data Name='ProcessId'>0x20c4</Data><Data Name='ProcessName'>C:\Program Files (x86)\Google\Chrome\Application\chrome.exe</Data><Data Name='TransactionId'>{00000000-0000-0000-0000-000000000000}</Data></EventData></Event>
<Event xmlns='http://schemas.microsoft.com/win/2004/08/events/event'><System><Provider Name='Microsoft-Windows-Security-Auditing' Guid='{54849625-5478-4994-A5BA-3E3B0328C30D}'/><EventID>4660</EventID><Version>0</Version><Level>0</Level><Task>12800</Task><Opcode>0</Opcode><Keywords>0x8020000000000000</Keywords><TimeCreated SystemTime='2019-06-06T00:07:00.434187500Z'/><EventRecordID>33430761</EventRecordID><Correlation/><Execution ProcessID='4' ThreadID='3596'/><Channel>Security</Channel><Computer>DESKTOP-AEELV9Q</Computer><Security/></System><EventData><Data Name='SubjectUserSid'>S-1-5-21-3292305254-673237663-627579171-1001</Data><Data Name='SubjectUserName'>lee</Data><Data Name='SubjectDomainName'>DESKTOP-AEELV9Q</Data><Data Name='SubjectLogonId'>0xa249d</Data><Data Name='ObjectServer'>Security</Data><Data Name='HandleId'>0x50c</Data><Data Name='ProcessId'>0x20c4</Data><Data Name='ProcessName'>C:\Program Files (x86)\Google\Chrome\Application\chrome.exe</Data><Data Name='TransactionId'>{00000000-0000-0000-0000-000000000000}</Data></EventData></Event>
<Event xmlns='http://schemas.microsoft.com/win/2004/08/events/event'><System><Provider Name='Microsoft-Windows-Security-Auditing' Guid='{54849625-5478-4994-A5BA-3E3B0328C30D}'/><EventID>4660</EventID><Version>0</Version><Level>0</Level><Task>12800</Task><Opcode>0</Opcode><Keywords>0x8020000000000000</Keywords><TimeCreated SystemTime='2019-06-06T00:06:57.498013200Z'/><EventRecordID>33430749</EventRecordID><Correlation/><Execution ProcessID='4' ThreadID='9616'/><Channel>Security</Channel><Computer>DESKTOP-AEELV9Q</Computer><Security/></System><EventData><Data Name='SubjectUserSid'>S-1-5-21-3292305254-673237663-627579171-1001</Data><Data Name='SubjectUserName'>lee</Data><Data Name='SubjectDomainName'>DESKTOP-AEELV9Q</Data><Data Name='SubjectLogonId'>0xa249d</Data><Data Name='ObjectServer'>Security</Data><Data Name='HandleId'>0x4b4</Data><Data Name='ProcessId'>0x42c</Data><Data Name='ProcessName'>C:\Program Files (x86)\Kakao\KakaoTalk\KakaoTalk.exe</Data><Data Name='TransactionId'>{00000000-0000-0000-0000-000000000000}</Data></EventData></Event>
<Event xmlns='http://schemas.microsoft.com/win/2004/08/events/event'><System><Provider Name='Microsoft-Windows-Security-Auditing' Guid='{54849625-5478-4994-A5BA-3E3B0328C30D}'/><EventID>4660</EventID><Version>0</Version><Level>0</Level><Task>12800</Task><Opcode>0</Opcode><Keywords>0x8020000000000000</Keywords><TimeCreated SystemTime='2019-06-06T00:06:57.492641300Z'/><EventRecordID>33430747</EventRecordID><Correlation/><Execution ProcessID='4' ThreadID='9616'/><Channel>Security</Channel><Computer>DESKTOP-AEELV9Q</Computer><Security/></System><EventData><Data Name='SubjectUserSid'>S-1-5-21-3292305254-673237663-627579171-1001</Data><Data Name='SubjectUserName'>lee</Data><Data Name='SubjectDomainName'>DESKTOP-AEELV9Q</Data><Data Name='SubjectLogonId'>0xa249d</Data><Data Name='ObjectServer'>Security</Data><Data Name='HandleId'>0x4e0</Data><Data Name='ProcessId'>0x42c</Data><Data Name='ProcessName'>C:\Program Files (x86)\Kakao\KakaoTalk\KakaoTalk.exe</Data><Data Name='TransactionId'>{00000000-0000-0000-0000-000000000000}</Data></EventData></Event>
<Event xmlns='http://schemas.microsoft.com/win/2004/08/events/event'><System><Provider Name='Microsoft-Windows-Security-Auditing' Guid='{54849625-5478-4994-A5BA-3E3B0328C30D}'/><EventID>4660</EventID><Version>0</Version><Level>0</Level><Task>12800</Task><Opcode>0</Opcode><Keywords>0x8020000000000000</Keywords><TimeCreated SystemTime='2019-06-06T00:06:55.310338700Z'/><EventRecordID>33430704</EventRecordID><Correlation/><Execution ProcessID='4' ThreadID='9616'/><Channel>Security</Channel><Computer>DESKTOP-AEELV9Q</Computer><Security/></System><EventData><Data Name='SubjectUserSid'>S-1-5-21-3292305254-673237663-627579171-1001</Data><Data Name='SubjectUserName'>lee</Data><Data Name='SubjectDomainName'>DESKTOP-AEELV9Q</Data><Data Name='SubjectLogonId'>0xa249d</Data><Data Name='ObjectServer'>Security</Data><Data Name='HandleId'>0x1574</Data><Data Name='ProcessId'>0x2178</Data><Data Name='ProcessName'>C:\Program Files (x86)\Google\Chrome\Application\chrome.exe</Data><Data Name='TransactionId'>{00000000-0000-0000-0000-000000000000}</Data></EventData></Event>
