<Event xmlns='http://schemas.microsoft.com/win/2004/08/events/event'><System><Provider Name='Microsoft-Windows-Security-Auditing' Guid='{54849625-5478-4994-A5BA-3E3B0328C30D}'/><EventID>4660</EventID><Version>0</Version><Level>0</Level><Task>12800</Task><Opcode>0</Opcode><Keywords>0x8020000000000000</Keywords><TimeCreated SystemTime='2019-06-06T00:04:32.564762900Z'/><EventRecordID>33419492</EventRecordID><Correlation/><Execution ProcessID='4' ThreadID='3604'/><Channel>Security</Channel><Computer>DESKTOP-AEELV9Q</Computer><Security/></System><EventData><Data Name='SubjectUserSid'>S-1-5-21-3292305254-673237663-627579171-1001</Data><Data Name='SubjectUserName'>lee</Data><Data Name='SubjectDomainName'>DESKTOP-AEELV9Q</Data><Data Name='SubjectLogonId'>0xa249d</Data><Data Name='ObjectServer'>Security</Data><Data Name='HandleId'>0x4a8</Data><Data Name='ProcessId'>0x1d88</Data><Data Name='ProcessName'>C:\Windows\System32\taskhostw.exe</Data><Data Name='TransactionId'>{00000000-0000-0000-0000-000000000000}</Data></EventData></Event>
<Event xmlns='http://schemas.microsoft.com/win/2004/08/events/event'><System><Provider Name='Microsoft-Windows-Security-Auditing' Guid='{54849625-5478-4994-A5BA-3E3B0328C30D}'/><EventID>4660</EventID><Version>0</Version><Level>0</Level><Task>12800</Task><Opcode>0</Opcode><Keywords>0x8020000000000000</Keywords><TimeCreated SystemTime='2019-06-06T00:04:32.564536600Z'/><EventRecordID>33419490</EventRecordID><Correlation/><Execution ProcessID='4' ThreadID='3604'/><Channel>Security</Channel><Computer>DESKTOP-AEELV9Q</Computer><Security/></System><EventData><Data Name='SubjectUserSid'>S-1-5-21-3292305254-673237663-627579171-1001</Data><Data Name='SubjectUserName'>lee</Data><Data Name='SubjectDomainName'>DESKTOP-AEELV9Q</Data><Data Name='SubjectLogonId'>0xa249d</Data><Data Name='ObjectServer'>Security</Data><Data Name='HandleId'>0x4a8</Data><Data Name='ProcessId'>0x1d88</Data><Data Name='ProcessName'>C:\Windows\System32\taskhostw.exe</Data><Data Name='TransactionId'>{00000000-0000-0000-0000-000000000000}</Data></EventData></Event>
<Event xmlns='http://schemas.microsoft.com/win/2004/08/events/event'><System><Provider Name='Microsoft-Windows-Security-Auditing' Guid='{54849625-5478-4994-A5BA-3E3B0328C30D}'/><EventID>4660</EventID><Version>0</Version><Level>0</Level><Task>12800</Task><Opcode>0</Opcode><Keywords>0x8020000000000000</Keywords><TimeCreated SystemTime='2019-06-06T00:04:32.564305700Z'/><EventRecordID>33419488</EventRecordID><Correlation/><Execution ProcessID='4' ThreadID='3604'/><Channel>Security</Channel><Computer>DESKTOP-AEELV9Q</Computer><Security/></System><EventData><Data Name='SubjectUserSid'>S-1-5-21-3292305254-673237663-627579171-1001</Data><Data Name='SubjectUserName'>lee</Data><Data Name='SubjectDomainName'>DESKTOP-AEELV9Q</Data><Data Name='SubjectLogonId'>0xa249d</Data><Data Name='ObjectServer'>Security</Data><Data Name='HandleId'>0x4a8</Data><Data Name='ProcessId'>0x1d88</Data><Data Name='ProcessName'>C:\Windows\System32\taskhostw.exe</Data><Data Name='TransactionId'>{00000000-0000-0000-0000-000000000000}</Data></EventData></Event>
<Event xmlns='http://schemas.microsoft.com/win/2004/08/events/event'><System><Provider Name='Microsoft-Windows-Security-Auditing' Guid='{54849625-5478-4994-A5BA-3E3B0328C30D}'/><EventID>4660</EventID><Version>0</Version><Level>0</Level><Task>12800</Task><Opcode>0</Opcode><Keywords>0x8020000000000000</Keywords><TimeCreated SystemTime='2019-06-06T00:04:32.564079400Z'/><EventRecordID>33419486</EventRecordID><Correlation/><Execution ProcessID='4' ThreadID='3604'/><Channel>Security</Channel><Computer>DESKTOP-AEELV9Q</Computer><Security/></System><EventData><Data Name='SubjectUserSid'>S-1-5-21-3292305254-673237663-627579171-1001</Data><Data Name='SubjectUserName'>lee</Data><Data Name='SubjectDomainName'>DESKTOP-AEELV9Q</Data><Data Name='SubjectLogonId'>0xa249d</Data><Data Name='ObjectServer'>Security</Data><Data Name='HandleId'>0x4a8</Data><Data Name='ProcessId'>0x1d88</Data><Data Name='ProcessName'>C:\Windows\System32\taskhostw.exe</Data><Data Name='TransactionId'>{00000000-0000-0000-0000-000000000000}</Data></EventData></Event>
<Event xmlns='http://schemas.microsoft.com/win/2004/08/events/event'><System><Provider Name='Microsoft-Windows-Security-Auditing' Guid='{54849625-5478-4994-A5BA-3E3B0328C30D}'/><EventID>4660</EventID><Version>0</Version><Level>0</Level><Task>12800</Task><Opcode>0</Opcode><Keywords>0x8020000000000000</Keywords><TimeCreated SystemTime='2019-06-06T00:04:32.563836500Z'/><EventRecordID>33419484</EventRecordID><Correlation/><Execution ProcessID='4' ThreadID='3604'/><Channel>Security</Channel><Computer>DESKTOP-AEELV9Q</Computer><Security/></System><EventData><Data Name='SubjectUserSid'>S-1-5-21-3292305254-673237663-627579171-1001</Data><Data Name='SubjectUserName'>lee</Data><Data Name='SubjectDomainName'>DESKTOP-AEELV9Q</Data><Data Name='SubjectLogonId'>0xa249d</Data><Data Name='ObjectServer'>Security</Data><Data Name='HandleId'>0x4a8</Data><Data Name='ProcessId'>0x1d88</Data><Data Name='ProcessName'>C:\Windows\System32\taskhostw.exe</Data><Data Name='TransactionId'>{00000000-0000-0000-0000-000000000000}</Data></EventData></Event>
<Event xmlns='http://schemas.microsoft.com/win/2004/08/events/event'><System><Provider Name='Microsoft-Windows-Security-Auditing' Guid='{54849625-5478-4994-A5BA-3E3B0328C30D}'/><EventID>4660</EventID><Version>0</Version><Level>0</Level><Task>12800</Task><Opcode>0</Opcode><Keywords>0x8020000000000000</Keywords><TimeCreated SystemTime='2019-06-06T00:04:32.560204500Z'/><EventRecordID>33419478</EventRecordID><Correlation/><Execution ProcessID='4' ThreadID='3604'/><Channel>Security</Channel><Computer>DESKTOP-AEELV9Q</Computer><Security/></System><EventData><Data Name='SubjectUserSid'>S-1-5-21-3292305254-673237663-627579171-1001</Data><Data Name='SubjectUserName'>lee</Data><Data Name='SubjectDomainName'>DESKTOP-AEELV9Q</Data><Data Name='SubjectLogonId'>0xa249d</Data><Data Name='ObjectServer'>Security</Data><Data Name='HandleId'>0x4a4</Data><Data Name='ProcessId'>0x1d88</Data><Data Name='ProcessName'>C:\Windows\System32\taskhostw.exe</Data><Data Name='TransactionId'>{00000000-0000-0000-0000-000000000000}</Data></EventData></Event>
<Event xmlns='http://schemas.microsoft.com/win/2004/08/events/event'><System><Provider Name='Microsoft-Windows-Security-Auditing' Guid='{54849625-5478-4994-A5BA-3E3B0328C30D}'/><EventID>4660</EventID><Version>0</Version><Level>0</Level><Task>12800</Task><Opcode>0</Opcode><Keywords>0x8020000000000000</Keywords><TimeCreated SystemTime='2019-06-06T00:04:32.559863200Z'/><EventRecordID>33419474</EventRecordID><Correlation/><Execution ProcessID='4' ThreadID='3604'/><Channel>Security</Channel><Computer>DESKTOP-AEELV9Q</Computer><Security/></System><EventData><Data Name='SubjectUserSid'>S-1-5-21-3292305254-673237663-627579171-1001</Data><Data Name='SubjectUserName'>lee</Data><Data Name='SubjectDomainName'>DESKTOP-AEELV9Q</Data><Data Name='SubjectLogonId'>0xa249d</Data><Data Name='ObjectServer'>Security</Data><Data Name='HandleId'>0x4a4</Data><Data Name='ProcessId'>0x1d88</Data><Data Name='ProcessName'>C:\Windows\System32\taskhostw.exe</Data><Data Name='TransactionId'>{00000000-0000-0000-0000-000000000000}</Data></EventData></Event>
<Event xmlns='http://schemas.microsoft.com/win/2004/08/events/event'><System><Provider Name='Microsoft-Windows-Security-Auditing' Guid='{54849625-5478-4994-A5BA-3E3B0328C30D}'/><EventID>4660</EventID><Version>0</Version><Level>0</Level><Task>12800</Task><Opcode>0</Opcode><Keywords>0x8020000000000000</Keywords><TimeCreated SystemTime='2019-06-06T00:04:32.559601900Z'/><EventRecordID>33419471</EventRecordID><Correlation/><Execution ProcessID='4' ThreadID='3604'/><Channel>Security</Channel><Computer>DESKTOP-AEELV9Q</Computer><Security/></System><EventData><Data Name='SubjectUserSid'>S-1-5-21-3292305254-673237663-627579171-1001</Data><Data Name='SubjectUserName'>lee</Data><Data Name='SubjectDomainName'>DESKTOP-AEELV9Q</Data><Data Name='SubjectLogonId'>0xa249d</Data><Data Name='ObjectServer'>Security</Data><Data Name='HandleId'>0x4a4</Data><Data Name='ProcessId'>0x1d88</Data><Data Name='ProcessName'>C:\Windows\System32\taskhostw.exe</Data><Data Name='TransactionId'>{00000000-0000-0000-0000-000000000000}</Data></EventData></Event>
<Event xmlns='http://schemas.microsoft.com/win/2004/08/events/event'><System><Provider Name='Microsoft-Windows-Security-Auditing' Guid='{54849625-5478-4994-A5BA-3E3B0328C30D}'/><EventID>4660</EventID><Version>0</Version><Level>0</Level><Task>12800</Task><Opcode>0</Opcode><Keywords>0x8020000000000000</Keywords><TimeCreated SystemTime='2019-06-06T00:04:32.559324600Z'/><EventRecordID>33419468</EventRecordID><Correlation/><Execution ProcessID='4' ThreadID='3604'/><Channel>Security</Channel><Computer>DESKTOP-AEELV9Q</Computer><Security/></System><EventData><Data Name='SubjectUserSid'>S-1-5-21-3292305254-673237663-627579171-1001</Data><Data Name='SubjectUserName'>lee</Data><Data Name='SubjectDomainName'>DESKTOP-AEELV9Q</Data><Data Name='SubjectLogonId'>0xa249d</Data><Data Name='ObjectServer'>Security</Data><Data Name='HandleId'>0x4a4</Data><Data Name='ProcessId'>0x1d88</Data><Data Name='ProcessName'>C:\Windows\System32\taskhostw.exe</Data><Data Name='TransactionId'>{00000000-0000-0000-0000-000000000000}</Data></EventData></Event>
<Event xmlns='http://schemas.microsoft.com/win/2004/08/events/event'><System><Provider Name='Microsoft-Windows-Security-Auditing' Guid='{54849625-5478-4994-A5BA-3E3B0328C30D}'/><EventID>4660</EventID><Version>0</Version><Level>0</Level><Task>12800</Task><Opcode>0</Opcode><Keywords>0x8020000000000000</Keywords><TimeCreated SystemTime='2019-06-06T00:04:32.558816100Z'/><EventRecordID>33419463</EventRecordID><Correlation/><Execution ProcessID='4' ThreadID='3604'/><Channel>Security</Channel><Computer>DESKTOP-AEELV9Q</Computer><Security/></System><EventData><Data Name='SubjectUserSid'>S-1-5-21-3292305254-673237663-627579171-1001</Data><Data Name='SubjectUserName'>lee</Data><Data Name='SubjectDomainName'>DESKTOP-AEELV9Q</Data><Data Name='SubjectLogonId'>0xa249d</Data><Data Name='ObjectServer'>Security</Data><Data Name='HandleId'>0x4a8</Data><Data Name='ProcessId'>0x1d88</Data><Data Name='ProcessName'>C:\Windows\System32\taskhostw.exe</Data><Data Name='TransactionId'>{00000000-0000-0000-0000-000000000000}</Data></EventData></Event>
<Event xmlns='http://schemas.microsoft.com/win/2004/08/events/event'><System><Provider Name='Microsoft-Windows-Security-Auditing' Guid='{54849625-5478-4994-A5BA-3E3B0328C30D}'/><EventID>4660</EventID><Version>0</Version><Level>0</Level><Task>12800</Task><Opcode>0</Opcode><Keywords>0x8020000000000000</Keywords><TimeCreated SystemTime='2019-06-06T00:04:32.558170500Z'/><EventRecordID>33419461</EventRecordID><Correlation/><Execution ProcessID='4' ThreadID='3604'/><Channel>Security</Channel><Computer>DESKTOP-AEELV9Q</Computer><Security/></System><EventData><Data Name='SubjectUserSid'>S-1-5-21-3292305254-673237663-627579171-1001</Data><Data Name='SubjectUserName'>lee</Data><Data Name='SubjectDomainName'>DESKTOP-AEELV9Q</Data><Data Name='SubjectLogonId'>0xa249d</Data><Data Name='ObjectServer'>Security</Data><Data Name='HandleId'>0x4a8</Data><Data Name='ProcessId'>0x1d88</Data><Data Name='ProcessName'>C:\Windows\System32\taskhostw.exe</Data><Data Name='TransactionId'>{00000000-0000-0000-0000-000000000000}</Data></EventData></Event>
<Event xmlns='http://schemas.microsoft.com/win/2004/08/events/event'><System><Provider Name='Microsoft-Windows-Security-Auditing' Guid='{54849625-5478-4994-A5BA-3E3B0328C30D}'/><EventID>4660</EventID><Version>0</Version><Level>0</Level><Task>12800</Task><Opcode>0</Opcode><Keywords>0x8020000000000000</Keywords><TimeCreated SystemTime='2019-06-06T00:04:32.557922700Z'/><EventRecordID>33419459</EventRecordID><Correlation/><Execution ProcessID='4' ThreadID='3604'/><Channel>Security</Channel><Computer>DESKTOP-AEELV9Q</Computer><Security/></System><EventData><Data Name='SubjectUserSid'>S-1-5-21-3292305254-673237663-627579171-1001</Data><Data Name='SubjectUserName'>lee</Data><Data Name='SubjectDomainName'>DESKTOP-AEELV9Q</Data><Data Name='SubjectLogonId'>0xa249d</Data><Data Name='ObjectServer'>Security</Data><Data Name='HandleId'>0x4a8</Data><Data Name='ProcessId'>0x1d88</Data><Data Name='ProcessName'>C:\Windows\System32\taskhostw.exe</Data><Data Name='TransactionId'>{00000000-0000-0000-0000-000000000000}</Data></EventData></Event>
<Event xmlns='http://schemas.microsoft.com/win/2004/08/events/event'><System><Provider Name='Microsoft-Windows-Security-Auditing' Guid='{54849625-5478-4994-A5BA-3E3B0328C30D}'/><EventID>4660</EventID><Version>0</Version><Level>0</Level><Task>12800</Task><Opcode>0</Opcode><Keywords>0x8020000000000000</Keywords><TimeCreated SystemTime='2019-06-06T00:04:32.557716600Z'/><EventRecordID>33419457</EventRecordID><Correlation/><Execution ProcessID='4' ThreadID='3604'/><Channel>Security</Channel><Computer>DESKTOP-AEELV9Q</Computer><Security/></System><EventData><Data Name='SubjectUserSid'>S-1-5-21-3292305254-673237663-627579171-1001</Data><Data Name='SubjectUserName'>lee</Data><Data Name='SubjectDomainName'>DESKTOP-AEELV9Q</Data><Data Name='SubjectLogonId'>0xa249d</Data><Data Name='ObjectServer'>Security</Data><Data Name='HandleId'>0x4a8</Data><Data Name='ProcessId'>0x1d88</Data><Data Name='ProcessName'>C:\Windows\System32\taskhostw.exe</Data><Data Name='TransactionId'>{00000000-0000-0000-0000-000000000000}</Data></EventData></Event>
<Event xmlns='http://schemas.microsoft.com/win/2004/08/events/event'><System><Provider Name='Microsoft-Windows-Security-Auditing' Guid='{54849625-5478-4994-A5BA-3E3B0328C30D}'/><EventID>4660</EventID><Version>0</Version><Level>0</Level><Task>12800</Task><Opcode>0</Opcode><Keywords>0x8020000000000000</Keywords><TimeCreated SystemTime='2019-06-06T00:04:32.557252200Z'/><EventRecordID>33419455</EventRecordID><Correlation/><Execution ProcessID='4' ThreadID='3604'/><Channel>Security</Channel><Computer>DESKTOP-AEELV9Q</Computer><Security/></System><EventData><Data Name='SubjectUserSid'>S-1-5-21-3292305254-673237663-627579171-1001</Data><Data Name='SubjectUserName'>lee</Data><Data Name='SubjectDomainName'>DESKTOP-AEELV9Q</Data><Data Name='SubjectLogonId'>0xa249d</Data><Data Name='ObjectServer'>Security</Data><Data Name='HandleId'>0x4a8</Data><Data Name='ProcessId'>0x1d88</Data><Data Name='ProcessName'>C:\Windows\System32\taskhostw.exe</Data><Data Name='TransactionId'>{00000000-0000-0000-0000-000000000000}</Data></EventData></Event>
<Event xmlns='http://schemas.microsoft.com/win/2004/08/events/event'><System><Provider Name='Microsoft-Windows-Security-Auditing' Guid='{54849625-5478-4994-A5BA-3E3B0328C30D}'/><EventID>4660</EventID><Version>0</Version><Level>0</Level><Task>12800</Task><Opcode>0</Opcode><Keywords>0x8020000000000000</Keywords><TimeCreated SystemTime='2019-06-06T00:04:32.556985500Z'/><EventRecordID>33419453</EventRecordID><Correlation/><Execution ProcessID='4' ThreadID='3604'/><Channel>Security</Channel><Computer>DESKTOP-AEELV9Q</Computer><Security/></System><EventData><Data Name='SubjectUserSid'>S-1-5-21-3292305254-673237663-627579171-1001</Data><Data Name='SubjectUserName'>lee</Data><Data Name='SubjectDomainName'>DESKTOP-AEELV9Q</Data><Data Name='SubjectLogonId'>0xa249d</Data><Data Name='ObjectServer'>Security</Data><Data Name='HandleId'>0x4a8</Data><Data Name='ProcessId'>0x1d88</Data><Data Name='ProcessName'>C:\Windows\System32\taskhostw.exe</Data><Data Name='TransactionId'>{00000000-0000-0000-0000-000000000000}</Data></EventData></Event>
<Event xmlns='http://schemas.microsoft.com/win/2004/08/events/event'><System><Provider Name='Microsoft-Windows-Security-Auditing' Guid='{54849625-5478-4994-A5BA-3E3B0328C30D}'/><EventID>4660</EventID><Version>0</Version><Level>0</Level><Task>12800</Task><Opcode>0</Opcode><Keywords>0x8020000000000000</Keywords><TimeCreated SystemTime='2019-06-06T00:04:32.556416400Z'/><EventRecordID>33419451</EventRecordID><Correlation/><Execution ProcessID='4' ThreadID='3604'/><Channel>Security</Channel><Computer>DESKTOP-AEELV9Q</Computer><Security/></System><EventData><Data Name='SubjectUserSid'>S-1-5-21-3292305254-673237663-627579171-1001</Data><Data Name='SubjectUserName'>lee</Data><Data Name='SubjectDomainName'>DESKTOP-AEELV9Q</Data><Data Name='SubjectLogonId'>0xa249d</Data><Data Name='ObjectServer'>Security</Data><Data Name='HandleId'>0x4a8</Data><Data Name='ProcessId'>0x1d88</Data><Data Name='ProcessName'>C:\Windows\System32\taskhostw.exe</Data><Data Name='TransactionId'>{00000000-0000-0000-0000-000000000000}</Data></EventData></Event>
<Event xmlns='http://schemas.microsoft.com/win/2004/08/events/event'><System><Provider Name='Microsoft-Windows-Security-Auditing' Guid='{54849625-5478-4994-A5BA-3E3B0328C30D}'/><EventID>4660</EventID><Version>0</Version><Level>0</Level><Task>12800</Task><Opcode>0</Opcode><Keywords>0x8020000000000000</Keywords><TimeCreated SystemTime='2019-06-06T00:04:32.556177700Z'/><EventRecordID>33419449</EventRecordID><Correlation/><Execution ProcessID='4' ThreadID='3604'/><Channel>Security</Channel><Computer>DESKTOP-AEELV9Q</Computer><Security/></System><EventData><Data Name='SubjectUserSid'>S-1-5-21-3292305254-673237663-627579171-1001</Data><Data Name='SubjectUserName'>lee</Data><Data Name='SubjectDomainName'>DESKTOP-AEELV9Q</Data><Data Name='SubjectLogonId'>0xa249d</Data><Data Name='ObjectServer'>Security</Data><Data Name='HandleId'>0x4a8</Data><Data Name='ProcessId'>0x1d88</Data><Data Name='ProcessName'>C:\Windows\System32\taskhostw.exe</Data><Data Name='TransactionId'>{00000000-0000-0000-0000-000000000000}</Data></EventData></Event>
<Event xmlns='http://schemas.microsoft.com/win/2004/08/events/event'><System><Provider Name='Microsoft-Windows-Security-Auditing' Guid='{54849625-5478-4994-A5BA-3E3B0328C30D}'/><EventID>4660</EventID><Version>0</Version><Level>0</Level><Task>12800</Task><Opcode>0</Opcode><Keywords>0x8020000000000000</Keywords><TimeCreated SystemTime='2019-06-06T00:04:32.555677100Z'/><EventRecordID>33419447</EventRecordID><Correlation/><Execution ProcessID='4' ThreadID='3604'/><Channel>Security</Channel><Computer>DESKTOP-AEELV9Q</Computer><Security/></System><EventData><Data Name='SubjectUserSid'>S-1-5-21-3292305254-673237663-627579171-1001</Data><Data Name='SubjectUserName'>lee</Data><Data Name='SubjectDomainName'>DESKTOP-AEELV9Q</Data><Data Name='SubjectLogonId'>0xa249d</Data><Data Name='ObjectServer'>Security</Data><Data Name='HandleId'>0x4a8</Data><Data Name='ProcessId'>0x1d88</Data><Data Name='ProcessName'>C:\Windows\System32\taskhostw.exe</Data><Data Name='TransactionId'>{00000000-0000-0000-0000-000000000000}</Data></EventData></Event>
<Event xmlns='http://schemas.microsoft.com/win/2004/08/events/event'><System><Provider Name='Microsoft-Windows-Security-Auditing' Guid='{54849625-5478-4994-A5BA-3E3B0328C30D}'/><EventID>4660</EventID><Version>0</Version><Level>0</Level><Task>12800</Task><Opcode>0</Opcode><Keywords>0x8020000000000000</Keywords><TimeCreated SystemTime='2019-06-06T00:04:32.555040100Z'/><EventRecordID>33419445</EventRecordID><Correlation/><Execution ProcessID='4' ThreadID='3604'/><Channel>Security</Channel><Computer>DESKTOP-AEELV9Q</Computer><Security/></System><EventData><Data Name='SubjectUserSid'>S-1-5-21-3292305254-673237663-627579171-1001</Data><Data Name='SubjectUserName'>lee</Data><Data Name='SubjectDomainName'>DESKTOP-AEELV9Q</Data><Data Name='SubjectLogonId'>0xa249d</Data><Data Name='ObjectServer'>Security</Data><Data Name='HandleId'>0x62c</Data><Data Name='ProcessId'>0x1d88</Data><Data Name='ProcessName'>C:\Windows\System32\taskhostw.exe</Data><Data Name='TransactionId'>{00000000-0000-0000-0000-000000000000}</Data></EventData></Event>
<Event xmlns='http://schemas.microsoft.com/win/2004/08/events/event'><System><Provider Name='Microsoft-Windows-Security-Auditing' Guid='{54849625-5478-4994-A5BA-3E3B0328C30D}'/><EventID>4660</EventID><Version>0</Version><Level>0</Level><Task>12800</Task><Opcode>0</Opcode><Keywords>0x8020000000000000</Keywords><TimeCreated SystemTime='2019-06-06T00:04:32.554245700Z'/><EventRecordID>33419443</EventRecordID><Correlation/><Execution ProcessID='4' ThreadID='3604'/><Channel>Security</Channel><Computer>DESKTOP-AEELV9Q</Computer><Security/></System><EventData><Data Name='SubjectUserSid'>S-1-5-21-3292305254-673237663-627579171-1001</Data><Data Name='SubjectUserName'>lee</Data><Data Name='SubjectDomainName'>DESKTOP-AEELV9Q</Data><Data Name='SubjectLogonId'>0xa249d</Data><Data Name='ObjectServer'>Security</Data><Data Name='HandleId'>0x4a8</Data><Data Name='ProcessId'>0x1d88</Data><Data Name='ProcessName'>C:\Windows\System32\taskhostw.exe</Data><Data Name='TransactionId'>{00000000-0000-0000-0000-000000000000}</Data></EventData></Event>
<Event xmlns='http://schemas.microsoft.com/win/2004/08/events/event'><System><Provider Name='Microsoft-Windows-Security-Auditing' Guid='{54849625-5478-4994-A5BA-3E3B0328C30D}'/><EventID>4660</EventID><Version>0</Version><Level>0</Level><Task>12800</Task><Opcode>0</Opcode><Keywords>0x8020000000000000</Keywords><TimeCreated SystemTime='2019-06-06T00:04:32.553673300Z'/><EventRecordID>33419441</EventRecordID><Correlation/><Execution ProcessID='4' ThreadID='3604'/><Channel>Security</Channel><Computer>DESKTOP-AEELV9Q</Computer><Security/></System><EventData><Data Name='SubjectUserSid'>S-1-5-21-3292305254-673237663-627579171-1001</Data><Data Name='SubjectUserName'>lee</Data><Data Name='SubjectDomainName'>DESKTOP-AEELV9Q</Data><Data Name='SubjectLogonId'>0xa249d</Data><Data Name='ObjectServer'>Security</Data><Data Name='HandleId'>0x4a8</Data><Data Name='ProcessId'>0x1d88</Data><Data Name='ProcessName'>C:\Windows\System32\taskhostw.exe</Data><Data Name='TransactionId'>{00000000-0000-0000-0000-000000000000}</Data></EventData></Event>
<Event xmlns='http://schemas.microsoft.com/win/2004/08/events/event'><System><Provider Name='Microsoft-Windows-Security-Auditing' Guid='{54849625-5478-4994-A5BA-3E3B0328C30D}'/><EventID>4660</EventID><Version>0</Version><Level>0</Level><Task>12800</Task><Opcode>0</Opcode><Keywords>0x8020000000000000</Keywords><TimeCreated SystemTime='2019-06-06T00:04:32.553398400Z'/><EventRecordID>33419439</EventRecordID><Correlation/><Execution ProcessID='4' ThreadID='3604'/><Channel>Security</Channel><Computer>DESKTOP-AEELV9Q</Computer><Security/></System><EventData><Data Name='SubjectUserSid'>S-1-5-21-3292305254-673237663-627579171-1001</Data><Data Name='SubjectUserName'>lee</Data><Data Name='SubjectDomainName'>DESKTOP-AEELV9Q</Data><Data Name='SubjectLogonId'>0xa249d</Data><Data Name='ObjectServer'>Security</Data><Data Name='HandleId'>0x4a8</Data><Data Name='ProcessId'>0x1d88</Data><Data Name='ProcessName'>C:\Windows\System32\taskhostw.exe</Data><Data Name='TransactionId'>{00000000-0000-0000-0000-000000000000}</Data></EventData></Event>
<Event xmlns='http://schemas.microsoft.com/win/2004/08/events/event'><System><Provider Name='Microsoft-Windows-Security-Auditing' Guid='{54849625-5478-4994-A5BA-3E3B0328C30D}'/><EventID>4660</EventID><Version>0</Version><Level>0</Level><Task>12800</Task><Opcode>0</Opcode><Keywords>0x8020000000000000</Keywords><TimeCreated SystemTime='2019-06-06T00:04:32.552146100Z'/><EventRecordID>33419437</EventRecordID><Correlation/><Execution ProcessID='4' ThreadID='3604'/><Channel>Security</Channel><Computer>DESKTOP-AEELV9Q</Computer><Security/></System><EventData><Data Name='SubjectUserSid'>S-1-5-21-3292305254-673237663-627579171-1001</Data><Data Name='SubjectUserName'>lee</Data><Data Name='SubjectDomainName'>DESKTOP-AEELV9Q</Data><Data Name='SubjectLogonId'>0xa249d</Data><Data Name='ObjectServer'>Security</Data><Data Name='HandleId'>0x4a8</Data><Data Name='ProcessId'>0x1d88</Data><Data Name='ProcessName'>C:\Windows\System32\taskhostw.exe</Data><Data Name='TransactionId'>{00000000-0000-0000-0000-000000000000}</Data></EventData></Event>
<Event xmlns='http://schemas.microsoft.com/win/2004/08/events/event'><System><Provider Name='Microsoft-Windows-Security-Auditing' Guid='{54849625-5478-4994-A5BA-3E3B0328C30D}'/><EventID>4660</EventID><Version>0</Version><Level>0</Level><Task>12800</Task><Opcode>0</Opcode><Keywords>0x8020000000000000</Keywords><TimeCreated SystemTime='2019-06-06T00:04:32.551674500Z'/><EventRecordID>33419435</EventRecordID><Correlation/><Execution ProcessID='4' ThreadID='3604'/><Channel>Security</Channel><Computer>DESKTOP-AEELV9Q</Computer><Security/></System><EventData><Data Name='SubjectUserSid'>S-1-5-21-3292305254-673237663-627579171-1001</Data><Data Name='SubjectUserName'>lee</Data><Data Name='SubjectDomainName'>DESKTOP-AEELV9Q</Data><Data Name='SubjectLogonId'>0xa249d</Data><Data Name='ObjectServer'>Security</Data><Data Name='HandleId'>0x4a8</Data><Data Name='ProcessId'>0x1d88</Data><Data Name='ProcessName'>C:\Windows\System32\taskhostw.exe</Data><Data Name='TransactionId'>{00000000-0000-0000-0000-000000000000}</Data></EventData></Event>
<Event xmlns='http://schemas.microsoft.com/win/2004/08/events/event'><System><Provider Name='Microsoft-Windows-Security-Auditing' Guid='{54849625-5478-4994-A5BA-3E3B0328C30D}'/><EventID>4660</EventID><Version>0</Version><Level>0</Level><Task>12800</Task><Opcode>0</Opcode><Keywords>0x8020000000000000</Keywords><TimeCreated SystemTime='2019-06-06T00:04:32.551423700Z'/><EventRecordID>33419433</EventRecordID><Correlation/><Execution ProcessID='4' ThreadID='3604'/><Channel>Security</Channel><Computer>DESKTOP-AEELV9Q</Computer><Security/></System><EventData><Data Name='SubjectUserSid'>S-1-5-21-3292305254-673237663-627579171-1001</Data><Data Name='SubjectUserName'>lee</Data><Data Name='SubjectDomainName'>DESKTOP-AEELV9Q</Data><Data Name='SubjectLogonId'>0xa249d</Data><Data Name='ObjectServer'>Security</Data><Data Name='HandleId'>0x4a8</Data><Data Name='ProcessId'>0x1d88</Data><Data Name='ProcessName'>C:\Windows\System32\taskhostw.exe</Data><Data Name='TransactionId'>{00000000-0000-0000-0000-000000000000}</Data></EventData></Event>
<Event xmlns='http://schemas.microsoft.com/win/2004/08/events/event'><System><Provider Name='Microsoft-Windows-Security-Auditing' Guid='{54849625-5478-4994-A5BA-3E3B0328C30D}'/><EventID>4660</EventID><Version>0</Version><Level>0</Level><Task>12800</Task><Opcode>0</Opcode><Keywords>0x8020000000000000</Keywords><TimeCreated SystemTime='2019-06-06T00:04:32.551162700Z'/><EventRecordID>33419431</EventRecordID><Correlation/><Execution ProcessID='4' ThreadID='3604'/><Channel>Security</Channel><Computer>DESKTOP-AEELV9Q</Computer><Security/></System><EventData><Data Name='SubjectUserSid'>S-1-5-21-3292305254-673237663-627579171-1001</Data><Data Name='SubjectUserName'>lee</Data><Data Name='SubjectDomainName'>DESKTOP-AEELV9Q</Data><Data Name='SubjectLogonId'>0xa249d</Data><Data Name='ObjectServer'>Security</Data><Data Name='HandleId'>0x4a8</Data><Data Name='ProcessId'>0x1d88</Data><Data Name='ProcessName'>C:\Windows\System32\taskhostw.exe</Data><Data Name='TransactionId'>{00000000-0000-0000-0000-000000000000}</Data></EventData></Event>
<Event xmlns='http://schemas.microsoft.com/win/2004/08/events/event'><System><Provider Name='Microsoft-Windows-Security-Auditing' Guid='{54849625-5478-4994-A5BA-3E3B0328C30D}'/><EventID>4660</EventID><Version>0</Version><Level>0</Level><Task>12800</Task><Opcode>0</Opcode><Keywords>0x8020000000000000</Keywords><TimeCreated SystemTime='2019-06-06T00:04:32.550936100Z'/><EventRecordID>33419429</EventRecordID><Correlation/><Execution ProcessID='4' ThreadID='3604'/><Channel>Security</Channel><Computer>DESKTOP-AEELV9Q</Computer><Security/></System><EventData><Data Name='SubjectUserSid'>S-1-5-21-3292305254-673237663-627579171-1001</Data><Data Name='SubjectUserName'>lee</Data><Data Name='SubjectDomainName'>DESKTOP-AEELV9Q</Data><Data Name='SubjectLogonId'>0xa249d</Data><Data Name='ObjectServer'>Security</Data><Data Name='HandleId'>0x4a8</Data><Data Name='ProcessId'>0x1d88</Data><Data Name='ProcessName'>C:\Windows\System32\taskhostw.exe</Data><Data Name='TransactionId'>{00000000-0000-0000-0000-000000000000}</Data></EventData></Event>
<Event xmlns='http://schemas.microsoft.com/win/2004/08/events/event'><System><Provider Name='Microsoft-Windows-Security-Auditing' Guid='{54849625-5478-4994-A5BA-3E3B0328C30D}'/><EventID>4660</EventID><Version>0</Version><Level>0</Level><Task>12800</Task><Opcode>0</Opcode><Keywords>0x8020000000000000</Keywords><TimeCreated SystemTime='2019-06-06T00:04:32.550670600Z'/><EventRecordID>33419427</EventRecordID><Correlation/><Execution ProcessID='4' ThreadID='3604'/><Channel>Security</Channel><Computer>DESKTOP-AEELV9Q</Computer><Security/></System><EventData><Data Name='SubjectUserSid'>S-1-5-21-3292305254-673237663-627579171-1001</Data><Data Name='SubjectUserName'>lee</Data><Data Name='SubjectDomainName'>DESKTOP-AEELV9Q</Data><Data Name='SubjectLogonId'>0xa249d</Data><Data Name='ObjectServer'>Security</Data><Data Name='HandleId'>0x4a8</Data><Data Name='ProcessId'>0x1d88</Data><Data Name='ProcessName'>C:\Windows\System32\taskhostw.exe</Data><Data Name='TransactionId'>{00000000-0000-0000-0000-000000000000}</Data></EventData></Event>
<Event xmlns='http://schemas.microsoft.com/win/2004/08/events/event'><System><Provider Name='Microsoft-Windows-Security-Auditing' Guid='{54849625-5478-4994-A5BA-3E3B0328C30D}'/><EventID>4660</EventID><Version>0</Version><Level>0</Level><Task>12800</Task><Opcode>0</Opcode><Keywords>0x8020000000000000</Keywords><TimeCreated SystemTime='2019-06-06T00:04:32.550105200Z'/><EventRecordID>33419424</EventRecordID><Correlation/><Execution ProcessID='4' ThreadID='3604'/><Channel>Security</Channel><Computer>DESKTOP-AEELV9Q</Computer><Security/></System><EventData><Data Name='SubjectUserSid'>S-1-5-21-3292305254-673237663-627579171-1001</Data><Data Name='SubjectUserName'>lee</Data><Data Name='SubjectDomainName'>DESKTOP-AEELV9Q</Data><Data Name='SubjectLogonId'>0xa249d</Data><Data Name='ObjectServer'>Security</Data><Data Name='HandleId'>0x4a8</Data><Data Name='ProcessId'>0x1d88</Data><Data Name='ProcessName'>C:\Windows\System32\taskhostw.exe</Data><Data Name='TransactionId'>{00000000-0000-0000-0000-000000000000}</Data></EventData></Event>
<Event xmlns='http://schemas.microsoft.com/win/2004/08/events/event'><System><Provider Name='Microsoft-Windows-Security-Auditing' Guid='{54849625-5478-4994-A5BA-3E3B0328C30D}'/><EventID>4660</EventID><Version>0</Version><Level>0</Level><Task>12800</Task><Opcode>0</Opcode><Keywords>0x8020000000000000</Keywords><TimeCreated SystemTime='2019-06-06T00:04:27.179577300Z'/><EventRecordID>33419195</EventRecordID><Correlation/><Execution ProcessID='4' ThreadID='412'/><Channel>Security</Channel><Computer>DESKTOP-AEELV9Q</Computer><Security/></System><EventData><Data Name='SubjectUserSid'>S-1-5-21-3292305254-673237663-627579171-1001</Data><Data Name='SubjectUserName'>lee</Data><Data Name='SubjectDomainName'>DESKTOP-AEELV9Q</Data><Data Name='SubjectLogonId'>0xa249d</Data><Data Name='ObjectServer'>Security</Data><Data Name='HandleId'>0x1198</Data><Data Name='ProcessId'>0x37b0</Data><Data Name='ProcessName'>C:\Users\lee\AppData\Roaming\uTorrent\updates\3.5.5_45231\utorrentie.exe</Data><Data Name='TransactionId'>{00000000-0000-0000-0000-000000000000}</Data></EventData></Event>
<Event xmlns='http://schemas.microsoft.com/win/2004/08/events/event'><System><Provider Name='Microsoft-Windows-Security-Auditing' Guid='{54849625-5478-4994-A5BA-3E3B0328C30D}'/><EventID>4660</EventID><Version>0</Version><Level>0</Level><Task>12800</Task><Opcode>0</Opcode><Keywords>0x8020000000000000</Keywords><TimeCreated SystemTime='2019-06-06T00:04:27.148815200Z'/><EventRecordID>33419191</EventRecordID><Correlation/><Execution ProcessID='4' ThreadID='412'/><Channel>Security</Channel><Computer>DESKTOP-AEELV9Q</Computer><Security/></System><EventData><Data Name='SubjectUserSid'>S-1-5-21-3292305254-673237663-627579171-1001</Data><Data Name='SubjectUserName'>lee</Data><Data Name='SubjectDomainName'>DESKTOP-AEELV9Q</Data><Data Name='SubjectLogonId'>0xa249d</Data><Data Name='ObjectServer'>Security</Data><Data Name='HandleId'>0x1180</Data><Data Name='ProcessId'>0x37b0</Data><Data Name='ProcessName'>C:\Users\lee\AppData\Roaming\uTorrent\updates\3.5.5_45231\utorrentie.exe</Data><Data Name='TransactionId'>{00000000-0000-0000-0000-000000000000}</Data></EventData></Event>
<Event xmlns='http://schemas.microsoft.com/win/2004/08/events/event'><System><Provider Name='Microsoft-Windows-Security-Auditing' Guid='{54849625-5478-4994-A5BA-3E3B0328C30D}'/><EventID>4660</EventID><Version>0</Version><Level>0</Level><Task>12800</Task><Opcode>0</Opcode><Keywords>0x8020000000000000</Keywords><TimeCreated SystemTime='2019-06-06T00:04:26.468952400Z'/><EventRecordID>33419147</EventRecordID><Correlation/><Execution ProcessID='4' ThreadID='412'/><Channel>Security</Channel><Computer>DESKTOP-AEELV9Q</Computer><Security/></System><EventData><Data Name='SubjectUserSid'>S-1-5-18</Data><Data Name='SubjectUserName'>DESKTOP-AEELV9Q$</Data><Data Name='SubjectDomainName'>WORKGROUP</Data><Data Name='SubjectLogonId'>0x3e7</Data><Data Name='ObjectServer'>Security</Data><Data Name='HandleId'>0x920</Data><Data Name='ProcessId'>0xe18</Data><Data Name='ProcessName'>C:\Program Files\AhnLab\Safe Transaction\ASDSvc.exe</Data><Data Name='TransactionId'>{00000000-0000-0000-0000-000000000000}</Data></EventData></Event>
<Event xmlns='http://schemas.microsoft.com/win/2004/08/events/event'><System><Provider Name='Microsoft-Windows-Security-Auditing' Guid='{54849625-5478-4994-A5BA-3E3B0328C30D}'/><EventID>4660</EventID><Version>0</Version><Level>0</Level><Task>12800</Task><Opcode>0</Opcode><Keywords>0x8020000000000000</Keywords><TimeCreated SystemTime='2019-06-06T00:04:25.933564800Z'/><EventRecordID>33419112</EventRecordID><Correlation/><Execution ProcessID='4' ThreadID='9636'/><Channel>Security</Channel><Computer>DESKTOP-AEELV9Q</Computer><Security/></System><EventData><Data Name='SubjectUserSid'>S-1-5-21-3292305254-673237663-627579171-1001</Data><Data Name='SubjectUserName'>lee</Data><Data Name='SubjectDomainName'>DESKTOP-AEELV9Q</Data><Data Name='SubjectLogonId'>0xa249d</Data><Data Name='ObjectServer'>Security</Data><Data Name='HandleId'>0xa88</Data><Data Name='ProcessId'>0x3688</Data><Data Name='ProcessName'>C:\Users\lee\AppData\Roaming\uTorrent\uTorrent.exe</Data><Data Name='TransactionId'>{00000000-0000-0000-0000-000000000000}</Data></EventData></Event>
<Event xmlns='http://schemas.microsoft.com/win/2004/08/events/event'><System><Provider Name='Microsoft-Windows-Security-Auditing' Guid='{54849625-5478-4994-A5BA-3E3B0328C30D}'/><EventID>4660</EventID><Version>0</Version><Level>0</Level><Task>12800</Task><Opcode>0</Opcode><Keywords>0x8020000000000000</Keywords><TimeCreated SystemTime='2019-06-06T00:04:24.869193400Z'/><EventRecordID>33419030</EventRecordID><Correlation/><Execution ProcessID='4' ThreadID='9592'/><Channel>Security</Channel><Computer>DESKTOP-AEELV9Q</Computer><Security/></System><EventData><Data Name='SubjectUserSid'>S-1-5-21-3292305254-673237663-627579171-1001</Data><Data Name='SubjectUserName'>lee</Data><Data Name='SubjectDomainName'>DESKTOP-AEELV9Q</Data><Data Name='SubjectLogonId'>0xa249d</Data><Data Name='ObjectServer'>Security</Data><Data Name='HandleId'>0x1ddc</Data><Data Name='ProcessId'>0x2178</Data><Data Name='ProcessName'>C:\Program Files (x86)\Google\Chrome\Application\chrome.exe</Data><Data Name='TransactionId'>{00000000-0000-0000-0000-000000000000}</Data></EventData></Event>
