<Event xmlns='http://schemas.microsoft.com/win/2004/08/events/event'><System><Provider Name='Microsoft-Windows-Security-Auditing' Guid='{54849625-5478-4994-A5BA-3E3B0328C30D}'/><EventID>4688</EventID><Version>2</Version><Level>0</Level><Task>13312</Task><Opcode>0</Opcode><Keywords>0x8020000000000000</Keywords><TimeCreated SystemTime='2019-06-06T00:09:36.180709500Z'/><EventRecordID>33436087</EventRecordID><Correlation/><Execution ProcessID='4' ThreadID='384'/><Channel>Security</Channel><Computer>DESKTOP-AEELV9Q</Computer><Security/></System><EventData><Data Name='SubjectUserSid'>S-1-5-21-3292305254-673237663-627579171-1001</Data><Data Name='SubjectUserName'>lee</Data><Data Name='SubjectDomainName'>DESKTOP-AEELV9Q</Data><Data Name='SubjectLogonId'>0xa249d</Data><Data Name='NewProcessId'>0x3674</Data><Data Name='NewProcessName'>C:\Windows\System32\wevtutil.exe</Data><Data Name='TokenElevationType'>%%1936</Data><Data Name='ProcessId'>0x2600</Data><Data Name='CommandLine'></Data><Data Name='TargetUserSid'>S-1-0-0</Data><Data Name='TargetUserName'>-</Data><Data Name='TargetDomainName'>-</Data><Data Name='TargetLogonId'>0x0</Data><Data Name='ParentProcessName'>C:\Windows\System32\cmd.exe</Data><Data Name='MandatoryLabel'>S-1-16-12288</Data></EventData></Event>
<Event xmlns='http://schemas.microsoft.com/win/2004/08/events/event'><System><Provider Name='Microsoft-Windows-Security-Auditing' Guid='{54849625-5478-4994-A5BA-3E3B0328C30D}'/><EventID>4688</EventID><Version>2</Version><Level>0</Level><Task>13312</Task><Opcode>0</Opcode><Keywords>0x8020000000000000</Keywords><TimeCreated SystemTime='2019-06-06T00:09:36.104022200Z'/><EventRecordID>33436065</EventRecordID><Correlation/><Execution ProcessID='4' ThreadID='384'/><Channel>Security</Channel><Computer>DESKTOP-AEELV9Q</Computer><Security/></System><EventData><Data Name='SubjectUserSid'>S-1-5-21-3292305254-673237663-627579171-1001</Data><Data Name='SubjectUserName'>lee</Data><Data Name='SubjectDomainName'>DESKTOP-AEELV9Q</Data><Data Name='SubjectLogonId'>0xa249d</Data><Data Name='NewProcessId'>0x2918</Data><Data Name='NewProcessName'>C:\Windows\System32\wevtutil.exe</Data><Data Name='TokenElevationType'>%%1936</Data><Data Name='ProcessId'>0x2600</Data><Data Name='CommandLine'></Data><Data Name='TargetUserSid'>S-1-0-0</Data><Data Name='TargetUserName'>-</Data><Data Name='TargetDomainName'>-</Data><Data Name='TargetLogonId'>0x0</Data><Data Name='ParentProcessName'>C:\Windows\System32\cmd.exe</Data><Data Name='MandatoryLabel'>S-1-16-12288</Data></EventData></Event>
<Event xmlns='http://schemas.microsoft.com/win/2004/08/events/event'><System><Provider Name='Microsoft-Windows-Security-Auditing' Guid='{54849625-5478-4994-A5BA-3E3B0328C30D}'/><EventID>4688</EventID><Version>2</Version><Level>0</Level><Task>13312</Task><Opcode>0</Opcode><Keywords>0x8020000000000000</Keywords><TimeCreated SystemTime='2019-06-06T00:09:36.022555900Z'/><EventRecordID>33436040</EventRecordID><Correlation/><Execution ProcessID='4' ThreadID='3584'/><Channel>Security</Channel><Computer>DESKTOP-AEELV9Q</Computer><Security/></System><EventData><Data Name='SubjectUserSid'>S-1-5-21-3292305254-673237663-627579171-1001</Data><Data Name='SubjectUserName'>lee</Data><Data Name='SubjectDomainName'>DESKTOP-AEELV9Q</Data><Data Name='SubjectLogonId'>0xa249d</Data><Data Name='NewProcessId'>0x25e4</Data><Data Name='NewProcessName'>C:\Windows\System32\wevtutil.exe</Data><Data Name='TokenElevationType'>%%1936</Data><Data Name='ProcessId'>0x2600</Data><Data Name='CommandLine'></Data><Data Name='TargetUserSid'>S-1-0-0</Data><Data Name='TargetUserName'>-</Data><Data Name='TargetDomainName'>-</Data><Data Name='TargetLogonId'>0x0</Data><Data Name='ParentProcessName'>C:\Windows\System32\cmd.exe</Data><Data Name='MandatoryLabel'>S-1-16-12288</Data></EventData></Event>
<Event xmlns='http://schemas.microsoft.com/win/2004/08/events/event'><System><Provider Name='Microsoft-Windows-Security-Auditing' Guid='{54849625-5478-4994-A5BA-3E3B0328C30D}'/><EventID>4688</EventID><Version>2</Version><Level>0</Level><Task>13312</Task><Opcode>0</Opcode><Keywords>0x8020000000000000</Keywords><TimeCreated SystemTime='2019-06-06T00:09:35.968530400Z'/><EventRecordID>33435968</EventRecordID><Correlation/><Execution ProcessID='4' ThreadID='3584'/><Channel>Security</Channel><Computer>DESKTOP-AEELV9Q</Computer><Security/></System><EventData><Data Name='SubjectUserSid'>S-1-5-21-3292305254-673237663-627579171-1001</Data><Data Name='SubjectUserName'>lee</Data><Data Name='SubjectDomainName'>DESKTOP-AEELV9Q</Data><Data Name='SubjectLogonId'>0xa249d</Data><Data Name='NewProcessId'>0x264c</Data><Data Name='NewProcessName'>C:\Windows\System32\conhost.exe</Data><Data Name='TokenElevationType'>%%1936</Data><Data Name='ProcessId'>0x2600</Data><Data Name='CommandLine'></Data><Data Name='TargetUserSid'>S-1-0-0</Data><Data Name='TargetUserName'>-</Data><Data Name='TargetDomainName'>-</Data><Data Name='TargetLogonId'>0x0</Data><Data Name='ParentProcessName'>C:\Windows\System32\cmd.exe</Data><Data Name='MandatoryLabel'>S-1-16-12288</Data></EventData></Event>
<Event xmlns='http://schemas.microsoft.com/win/2004/08/events/event'><System><Provider Name='Microsoft-Windows-Security-Auditing' Guid='{54849625-5478-4994-A5BA-3E3B0328C30D}'/><EventID>4688</EventID><Version>2</Version><Level>0</Level><Task>13312</Task><Opcode>0</Opcode><Keywords>0x8020000000000000</Keywords><TimeCreated SystemTime='2019-06-06T00:09:35.948085300Z'/><EventRecordID>33435959</EventRecordID><Correlation/><Execution ProcessID='4' ThreadID='3584'/><Channel>Security</Channel><Computer>DESKTOP-AEELV9Q</Computer><Security/></System><EventData><Data Name='SubjectUserSid'>S-1-5-21-3292305254-673237663-627579171-1001</Data><Data Name='SubjectUserName'>lee</Data><Data Name='SubjectDomainName'>DESKTOP-AEELV9Q</Data><Data Name='SubjectLogonId'>0xa249d</Data><Data Name='NewProcessId'>0x2600</Data><Data Name='NewProcessName'>C:\Windows\System32\cmd.exe</Data><Data Name='TokenElevationType'>%%1936</Data><Data Name='ProcessId'>0x1f84</Data><Data Name='CommandLine'></Data><Data Name='TargetUserSid'>S-1-0-0</Data><Data Name='TargetUserName'>-</Data><Data Name='TargetDomainName'>-</Data><Data Name='TargetLogonId'>0x0</Data><Data Name='ParentProcessName'>C:\Windows\explorer.exe</Data><Data Name='MandatoryLabel'>S-1-16-12288</Data></EventData></Event>
<Event xmlns='http://schemas.microsoft.com/win/2004/08/events/event'><System><Provider Name='Microsoft-Windows-Security-Auditing' Guid='{54849625-5478-4994-A5BA-3E3B0328C30D}'/><EventID>4688</EventID><Version>2</Version><Level>0</Level><Task>13312</Task><Opcode>0</Opcode><Keywords>0x8020000000000000</Keywords><TimeCreated SystemTime='2019-06-06T00:09:35.082770200Z'/><EventRecordID>33435792</EventRecordID><Correlation/><Execution ProcessID='4' ThreadID='388'/><Channel>Security</Channel><Computer>DESKTOP-AEELV9Q</Computer><Security/></System><EventData><Data Name='SubjectUserSid'>S-1-5-18</Data><Data Name='SubjectUserName'>DESKTOP-AEELV9Q$</Data><Data Name='SubjectDomainName'>WORKGROUP</Data><Data Name='SubjectLogonId'>0x3e7</Data><Data Name='NewProcessId'>0x20c0</Data><Data Name='NewProcessName'>C:\Windows\System32\SearchFilterHost.exe</Data><Data Name='TokenElevationType'>%%1936</Data><Data Name='ProcessId'>0x2740</Data><Data Name='CommandLine'></Data><Data Name='TargetUserSid'>S-1-0-0</Data><Data Name='TargetUserName'>-</Data><Data Name='TargetDomainName'>-</Data><Data Name='TargetLogonId'>0x0</Data><Data Name='ParentProcessName'>C:\Windows\System32\SearchIndexer.exe</Data><Data Name='MandatoryLabel'>S-1-16-8192</Data></EventData></Event>
<Event xmlns='http://schemas.microsoft.com/win/2004/08/events/event'><System><Provider Name='Microsoft-Windows-Security-Auditing' Guid='{54849625-5478-4994-A5BA-3E3B0328C30D}'/><EventID>4688</EventID><Version>2</Version><Level>0</Level><Task>13312</Task><Opcode>0</Opcode><Keywords>0x8020000000000000</Keywords><TimeCreated SystemTime='2019-06-06T00:09:35.072657500Z'/><EventRecordID>33435782</EventRecordID><Correlation/><Execution ProcessID='4' ThreadID='388'/><Channel>Security</Channel><Computer>DESKTOP-AEELV9Q</Computer><Security/></System><EventData><Data Name='SubjectUserSid'>S-1-5-18</Data><Data Name='SubjectUserName'>DESKTOP-AEELV9Q$</Data><Data Name='SubjectDomainName'>WORKGROUP</Data><Data Name='SubjectLogonId'>0x3e7</Data><Data Name='NewProcessId'>0x3150</Data><Data Name='NewProcessName'>C:\Windows\System32\dllhost.exe</Data><Data Name='TokenElevationType'>%%1936</Data><Data Name='ProcessId'>0x68</Data><Data Name='CommandLine'></Data><Data Name='TargetUserSid'>S-1-5-21-3292305254-673237663-627579171-1001</Data><Data Name='TargetUserName'>lee</Data><Data Name='TargetDomainName'>DESKTOP-AEELV9Q</Data><Data Name='TargetLogonId'>0xa249d</Data><Data Name='ParentProcessName'>C:\Windows\System32\svchost.exe</Data><Data Name='MandatoryLabel'>S-1-16-12288</Data></EventData></Event>
<Event xmlns='http://schemas.microsoft.com/win/2004/08/events/event'><System><Provider Name='Microsoft-Windows-Security-Auditing' Guid='{54849625-5478-4994-A5BA-3E3B0328C30D}'/><EventID>4688</EventID><Version>2</Version><Level>0</Level><Task>13312</Task><Opcode>0</Opcode><Keywords>0x8020000000000000</Keywords><TimeCreated SystemTime='2019-06-06T00:09:35.051499600Z'/><EventRecordID>33435739</EventRecordID><Correlation/><Execution ProcessID='4' ThreadID='9660'/><Channel>Security</Channel><Computer>DESKTOP-AEELV9Q</Computer><Security/></System><EventData><Data Name='SubjectUserSid'>S-1-5-18</Data><Data Name='SubjectUserName'>DESKTOP-AEELV9Q$</Data><Data Name='SubjectDomainName'>WORKGROUP</Data><Data Name='SubjectLogonId'>0x3e7</Data><Data Name='NewProcessId'>0x2b88</Data><Data Name='NewProcessName'>C:\Windows\System32\SearchProtocolHost.exe</Data><Data Name='TokenElevationType'>%%1936</Data><Data Name='ProcessId'>0x2740</Data><Data Name='CommandLine'></Data><Data Name='TargetUserSid'>S-1-0-0</Data><Data Name='TargetUserName'>-</Data><Data Name='TargetDomainName'>-</Data><Data Name='TargetLogonId'>0x0</Data><Data Name='ParentProcessName'>C:\Windows\System32\SearchIndexer.exe</Data><Data Name='MandatoryLabel'>S-1-16-16384</Data></EventData></Event>
<Event xmlns='http://schemas.microsoft.com/win/2004/08/events/event'><System><Provider Name='Microsoft-Windows-Security-Auditing' Guid='{54849625-5478-4994-A5BA-3E3B0328C30D}'/><EventID>4688</EventID><Version>2</Version><Level>0</Level><Task>13312</Task><Opcode>0</Opcode><Keywords>0x8020000000000000</Keywords><TimeCreated SystemTime='2019-06-06T00:09:26.489606100Z'/><EventRecordID>33435459</EventRecordID><Correlation/><Execution ProcessID='4' ThreadID='9660'/><Channel>Security</Channel><Computer>DESKTOP-AEELV9Q</Computer><Security/></System><EventData><Data Name='SubjectUserSid'>S-1-5-21-3292305254-673237663-627579171-1001</Data><Data Name='SubjectUserName'>lee</Data><Data Name='SubjectDomainName'>DESKTOP-AEELV9Q</Data><Data Name='SubjectLogonId'>0xa249d</Data><Data Name='NewProcessId'>0x720</Data><Data Name='NewProcessName'>C:\Windows\System32\notepad.exe</Data><Data Name='TokenElevationType'>%%1936</Data><Data Name='ProcessId'>0x1f84</Data><Data Name='CommandLine'></Data><Data Name='TargetUserSid'>S-1-0-0</Data><Data Name='TargetUserName'>-</Data><Data Name='TargetDomainName'>-</Data><Data Name='TargetLogonId'>0x0</Data><Data Name='ParentProcessName'>C:\Windows\explorer.exe</Data><Data Name='MandatoryLabel'>S-1-16-12288</Data></EventData></Event>
<Event xmlns='http://schemas.microsoft.com/win/2004/08/events/event'><System><Provider Name='Microsoft-Windows-Security-Auditing' Guid='{54849625-5478-4994-A5BA-3E3B0328C30D}'/><EventID>4688</EventID><Version>2</Version><Level>0</Level><Task>13312</Task><Opcode>0</Opcode><Keywords>0x8020000000000000</Keywords><TimeCreated SystemTime='2019-06-06T00:09:26.439647400Z'/><EventRecordID>33435383</EventRecordID><Correlation/><Execution ProcessID='4' ThreadID='9580'/><Channel>Security</Channel><Computer>DESKTOP-AEELV9Q</Computer><Security/></System><EventData><Data Name='SubjectUserSid'>S-1-5-18</Data><Data Name='SubjectUserName'>DESKTOP-AEELV9Q$</Data><Data Name='SubjectDomainName'>WORKGROUP</Data><Data Name='SubjectLogonId'>0x3e7</Data><Data Name='NewProcessId'>0x1078</Data><Data Name='NewProcessName'>C:\Windows\System32\smartscreen.exe</Data><Data Name='TokenElevationType'>%%1936</Data><Data Name='ProcessId'>0x68</Data><Data Name='CommandLine'></Data><Data Name='TargetUserSid'>S-1-5-21-3292305254-673237663-627579171-1001</Data><Data Name='TargetUserName'>lee</Data><Data Name='TargetDomainName'>DESKTOP-AEELV9Q</Data><Data Name='TargetLogonId'>0xa249d</Data><Data Name='ParentProcessName'>C:\Windows\System32\svchost.exe</Data><Data Name='MandatoryLabel'>S-1-16-12288</Data></EventData></Event>
<Event xmlns='http://schemas.microsoft.com/win/2004/08/events/event'><System><Provider Name='Microsoft-Windows-Security-Auditing' Guid='{54849625-5478-4994-A5BA-3E3B0328C30D}'/><EventID>4688</EventID><Version>2</Version><Level>0</Level><Task>13312</Task><Opcode>0</Opcode><Keywords>0x8020000000000000</Keywords><TimeCreated SystemTime='2019-06-06T00:09:00.095532900Z'/><EventRecordID>33433930</EventRecordID><Correlation/><Execution ProcessID='4' ThreadID='412'/><Channel>Security</Channel><Computer>DESKTOP-AEELV9Q</Computer><Security/></System><EventData><Data Name='SubjectUserSid'>S-1-5-21-3292305254-673237663-627579171-1001</Data><Data Name='SubjectUserName'>lee</Data><Data Name='SubjectDomainName'>DESKTOP-AEELV9Q</Data><Data Name='SubjectLogonId'>0xa249d</Data><Data Name='NewProcessId'>0x297c</Data><Data Name='NewProcessName'>C:\Program Files (x86)\Google\Chrome\Application\chrome.exe</Data><Data Name='TokenElevationType'>%%1936</Data><Data Name='ProcessId'>0x2178</Data><Data Name='CommandLine'></Data><Data Name='TargetUserSid'>S-1-0-0</Data><Data Name='TargetUserName'>-</Data><Data Name='TargetDomainName'>-</Data><Data Name='TargetLogonId'>0x0</Data><Data Name='ParentProcessName'>C:\Program Files (x86)\Google\Chrome\Application\chrome.exe</Data><Data Name='MandatoryLabel'>S-1-16-4096</Data></EventData></Event>
<Event xmlns='http://schemas.microsoft.com/win/2004/08/events/event'><System><Provider Name='Microsoft-Windows-Security-Auditing' Guid='{54849625-5478-4994-A5BA-3E3B0328C30D}'/><EventID>4688</EventID><Version>2</Version><Level>0</Level><Task>13312</Task><Opcode>0</Opcode><Keywords>0x8020000000000000</Keywords><TimeCreated SystemTime='2019-06-06T00:08:46.483913700Z'/><EventRecordID>33433557</EventRecordID><Correlation/><Execution ProcessID='4' ThreadID='356'/><Channel>Security</Channel><Computer>DESKTOP-AEELV9Q</Computer><Security/></System><EventData><Data Name='SubjectUserSid'>S-1-5-18</Data><Data Name='SubjectUserName'>DESKTOP-AEELV9Q$</Data><Data Name='SubjectDomainName'>WORKGROUP</Data><Data Name='SubjectLogonId'>0x3e7</Data><Data Name='NewProcessId'>0x1a18</Data><Data Name='NewProcessName'>C:\Windows\System32\taskhostw.exe</Data><Data Name='TokenElevationType'>%%1936</Data><Data Name='ProcessId'>0x5d0</Data><Data Name='CommandLine'></Data><Data Name='TargetUserSid'>S-1-0-0</Data><Data Name='TargetUserName'>-</Data><Data Name='TargetDomainName'>-</Data><Data Name='TargetLogonId'>0x0</Data><Data Name='ParentProcessName'>C:\Windows\System32\svchost.exe</Data><Data Name='MandatoryLabel'>S-1-16-16384</Data></EventData></Event>
<Event xmlns='http://schemas.microsoft.com/win/2004/08/events/event'><System><Provider Name='Microsoft-Windows-Security-Auditing' Guid='{54849625-5478-4994-A5BA-3E3B0328C30D}'/><EventID>4688</EventID><Version>2</Version><Level>0</Level><Task>13312</Task><Opcode>0</Opcode><Keywords>0x8020000000000000</Keywords><TimeCreated SystemTime='2019-06-06T00:08:46.480586400Z'/><EventRecordID>33433552</EventRecordID><Correlation/><Execution ProcessID='4' ThreadID='356'/><Channel>Security</Channel><Computer>DESKTOP-AEELV9Q</Computer><Security/></System><EventData><Data Name='SubjectUserSid'>S-1-5-18</Data><Data Name='SubjectUserName'>DESKTOP-AEELV9Q$</Data><Data Name='SubjectDomainName'>WORKGROUP</Data><Data Name='SubjectLogonId'>0x3e7</Data><Data Name='NewProcessId'>0x1b34</Data><Data Name='NewProcessName'>C:\Windows\System32\backgroundTaskHost.exe</Data><Data Name='TokenElevationType'>%%1936</Data><Data Name='ProcessId'>0x68</Data><Data Name='CommandLine'></Data><Data Name='TargetUserSid'>S-1-5-21-3292305254-673237663-627579171-1001</Data><Data Name='TargetUserName'>lee</Data><Data Name='TargetDomainName'>DESKTOP-AEELV9Q</Data><Data Name='TargetLogonId'>0xa249d</Data><Data Name='ParentProcessName'>C:\Windows\System32\svchost.exe</Data><Data Name='MandatoryLabel'>S-1-16-4096</Data></EventData></Event>
<Event xmlns='http://schemas.microsoft.com/win/2004/08/events/event'><System><Provider Name='Microsoft-Windows-Security-Auditing' Guid='{54849625-5478-4994-A5BA-3E3B0328C30D}'/><EventID>4688</EventID><Version>2</Version><Level>0</Level><Task>13312</Task><Opcode>0</Opcode><Keywords>0x8020000000000000</Keywords><TimeCreated SystemTime='2019-06-06T00:08:46.439585000Z'/><EventRecordID>33433472</EventRecordID><Correlation/><Execution ProcessID='4' ThreadID='412'/><Channel>Security</Channel><Computer>DESKTOP-AEELV9Q</Computer><Security/></System><EventData><Data Name='SubjectUserSid'>S-1-5-18</Data><Data Name='SubjectUserName'>DESKTOP-AEELV9Q$</Data><Data Name='SubjectDomainName'>WORKGROUP</Data><Data Name='SubjectLogonId'>0x3e7</Data><Data Name='NewProcessId'>0x2c30</Data><Data Name='NewProcessName'>C:\Windows\System32\taskhostw.exe</Data><Data Name='TokenElevationType'>%%1936</Data><Data Name='ProcessId'>0x5d0</Data><Data Name='CommandLine'></Data><Data Name='TargetUserSid'>S-1-5-21-3292305254-673237663-627579171-1001</Data><Data Name='TargetUserName'>lee</Data><Data Name='TargetDomainName'>DESKTOP-AEELV9Q</Data><Data Name='TargetLogonId'>0xa249d</Data><Data Name='ParentProcessName'>C:\Windows\System32\svchost.exe</Data><Data Name='MandatoryLabel'>S-1-16-12288</Data></EventData></Event>
<Event xmlns='http://schemas.microsoft.com/win/2004/08/events/event'><System><Provider Name='Microsoft-Windows-Security-Auditing' Guid='{54849625-5478-4994-A5BA-3E3B0328C30D}'/><EventID>4688</EventID><Version>2</Version><Level>0</Level><Task>13312</Task><Opcode>0</Opcode><Keywords>0x8020000000000000</Keywords><TimeCreated SystemTime='2019-06-06T00:08:26.368742200Z'/><EventRecordID>33432918</EventRecordID><Correlation/><Execution ProcessID='4' ThreadID='384'/><Channel>Security</Channel><Computer>DESKTOP-AEELV9Q</Computer><Security/></System><EventData><Data Name='SubjectUserSid'>S-1-5-21-3292305254-673237663-627579171-1001</Data><Data Name='SubjectUserName'>lee</Data><Data Name='SubjectDomainName'>DESKTOP-AEELV9Q</Data><Data Name='SubjectLogonId'>0xa249d</Data><Data Name='NewProcessId'>0x3444</Data><Data Name='NewProcessName'>C:\Program Files (x86)\Google\Chrome\Application\chrome.exe</Data><Data Name='TokenElevationType'>%%1936</Data><Data Name='ProcessId'>0x2178</Data><Data Name='CommandLine'></Data><Data Name='TargetUserSid'>S-1-0-0</Data><Data Name='TargetUserName'>-</Data><Data Name='TargetDomainName'>-</Data><Data Name='TargetLogonId'>0x0</Data><Data Name='ParentProcessName'>C:\Program Files (x86)\Google\Chrome\Application\chrome.exe</Data><Data Name='MandatoryLabel'>S-1-16-4096</Data></EventData></Event>
<Event xmlns='http://schemas.microsoft.com/win/2004/08/events/event'><System><Provider Name='Microsoft-Windows-Security-Auditing' Guid='{54849625-5478-4994-A5BA-3E3B0328C30D}'/><EventID>4688</EventID><Version>2</Version><Level>0</Level><Task>13312</Task><Opcode>0</Opcode><Keywords>0x8020000000000000</Keywords><TimeCreated SystemTime='2019-06-06T00:08:26.265830200Z'/><EventRecordID>33432822</EventRecordID><Correlation/><Execution ProcessID='4' ThreadID='384'/><Channel>Security</Channel><Computer>DESKTOP-AEELV9Q</Computer><Security/></System><EventData><Data Name='SubjectUserSid'>S-1-5-21-3292305254-673237663-627579171-1001</Data><Data Name='SubjectUserName'>lee</Data><Data Name='SubjectDomainName'>DESKTOP-AEELV9Q</Data><Data Name='SubjectLogonId'>0xa249d</Data><Data Name='NewProcessId'>0x2c1c</Data><Data Name='NewProcessName'>C:\Program Files (x86)\Google\Chrome\Application\chrome.exe</Data><Data Name='TokenElevationType'>%%1936</Data><Data Name='ProcessId'>0x2178</Data><Data Name='CommandLine'></Data><Data Name='TargetUserSid'>S-1-0-0</Data><Data Name='TargetUserName'>-</Data><Data Name='TargetDomainName'>-</Data><Data Name='TargetLogonId'>0x0</Data><Data Name='ParentProcessName'>C:\Program Files (x86)\Google\Chrome\Application\chrome.exe</Data><Data Name='MandatoryLabel'>S-1-16-4096</Data></EventData></Event>
<Event xmlns='http://schemas.microsoft.com/win/2004/08/events/event'><System><Provider Name='Microsoft-Windows-Security-Auditing' Guid='{54849625-5478-4994-A5BA-3E3B0328C30D}'/><EventID>4688</EventID><Version>2</Version><Level>0</Level><Task>13312</Task><Opcode>0</Opcode><Keywords>0x8020000000000000</Keywords><TimeCreated SystemTime='2019-06-06T00:08:25.878181400Z'/><EventRecordID>33432763</EventRecordID><Correlation/><Execution ProcessID='4' ThreadID='9628'/><Channel>Security</Channel><Computer>DESKTOP-AEELV9Q</Computer><Security/></System><EventData><Data Name='SubjectUserSid'>S-1-5-18</Data><Data Name='SubjectUserName'>DESKTOP-AEELV9Q$</Data><Data Name='SubjectDomainName'>WORKGROUP</Data><Data Name='SubjectLogonId'>0x3e7</Data><Data Name='NewProcessId'>0x104</Data><Data Name='NewProcessName'>C:\Windows\System32\conhost.exe</Data><Data Name='TokenElevationType'>%%1936</Data><Data Name='ProcessId'>0x25fc</Data><Data Name='CommandLine'></Data><Data Name='TargetUserSid'>S-1-0-0</Data><Data Name='TargetUserName'>-</Data><Data Name='TargetDomainName'>-</Data><Data Name='TargetLogonId'>0x0</Data><Data Name='ParentProcessName'>C:\Windows\System32\dmclient.exe</Data><Data Name='MandatoryLabel'>S-1-16-16384</Data></EventData></Event>
<Event xmlns='http://schemas.microsoft.com/win/2004/08/events/event'><System><Provider Name='Microsoft-Windows-Security-Auditing' Guid='{54849625-5478-4994-A5BA-3E3B0328C30D}'/><EventID>4688</EventID><Version>2</Version><Level>0</Level><Task>13312</Task><Opcode>0</Opcode><Keywords>0x8020000000000000</Keywords><TimeCreated SystemTime='2019-06-06T00:08:25.860548800Z'/><EventRecordID>33432738</EventRecordID><Correlation/><Execution ProcessID='4' ThreadID='9628'/><Channel>Security</Channel><Computer>DESKTOP-AEELV9Q</Computer><Security/></System><EventData><Data Name='SubjectUserSid'>S-1-5-18</Data><Data Name='SubjectUserName'>DESKTOP-AEELV9Q$</Data><Data Name='SubjectDomainName'>WORKGROUP</Data><Data Name='SubjectLogonId'>0x3e7</Data><Data Name='NewProcessId'>0x25fc</Data><Data Name='NewProcessName'>C:\Windows\System32\dmclient.exe</Data><Data Name='TokenElevationType'>%%1936</Data><Data Name='ProcessId'>0x5d0</Data><Data Name='CommandLine'></Data><Data Name='TargetUserSid'>S-1-0-0</Data><Data Name='TargetUserName'>-</Data><Data Name='TargetDomainName'>-</Data><Data Name='TargetLogonId'>0x0</Data><Data Name='ParentProcessName'>C:\Windows\System32\svchost.exe</Data><Data Name='MandatoryLabel'>S-1-16-16384</Data></EventData></Event>
<Event xmlns='http://schemas.microsoft.com/win/2004/08/events/event'><System><Provider Name='Microsoft-Windows-Security-Auditing' Guid='{54849625-5478-4994-A5BA-3E3B0328C30D}'/><EventID>4688</EventID><Version>2</Version><Level>0</Level><Task>13312</Task><Opcode>0</Opcode><Keywords>0x8020000000000000</Keywords><TimeCreated SystemTime='2019-06-06T00:08:23.539827200Z'/><EventRecordID>33432596</EventRecordID><Correlation/><Execution ProcessID='4' ThreadID='9652'/><Channel>Security</Channel><Computer>DESKTOP-AEELV9Q</Computer><Security/></System><EventData><Data Name='SubjectUserSid'>S-1-5-18</Data><Data Name='SubjectUserName'>DESKTOP-AEELV9Q$</Data><Data Name='SubjectDomainName'>WORKGROUP</Data><Data Name='SubjectLogonId'>0x3e7</Data><Data Name='NewProcessId'>0xfc</Data><Data Name='NewProcessName'>C:\Windows\System32\taskhostw.exe</Data><Data Name='TokenElevationType'>%%1936</Data><Data Name='ProcessId'>0x5d0</Data><Data Name='CommandLine'></Data><Data Name='TargetUserSid'>S-1-0-0</Data><Data Name='TargetUserName'>-</Data><Data Name='TargetDomainName'>-</Data><Data Name='TargetLogonId'>0x0</Data><Data Name='ParentProcessName'>C:\Windows\System32\svchost.exe</Data><Data Name='MandatoryLabel'>S-1-16-16384</Data></EventData></Event>
<Event xmlns='http://schemas.microsoft.com/win/2004/08/events/event'><System><Provider Name='Microsoft-Windows-Security-Auditing' Guid='{54849625-5478-4994-A5BA-3E3B0328C30D}'/><EventID>4688</EventID><Version>2</Version><Level>0</Level><Task>13312</Task><Opcode>0</Opcode><Keywords>0x8020000000000000</Keywords><TimeCreated SystemTime='2019-06-06T00:07:23.631590500Z'/><EventRecordID>33431382</EventRecordID><Correlation/><Execution ProcessID='4' ThreadID='3596'/><Channel>Security</Channel><Computer>DESKTOP-AEELV9Q</Computer><Security/></System><EventData><Data Name='SubjectUserSid'>S-1-5-18</Data><Data Name='SubjectUserName'>DESKTOP-AEELV9Q$</Data><Data Name='SubjectDomainName'>WORKGROUP</Data><Data Name='SubjectLogonId'>0x3e7</Data><Data Name='NewProcessId'>0x374c</Data><Data Name='NewProcessName'>C:\Windows\System32\RuntimeBroker.exe</Data><Data Name='TokenElevationType'>%%1936</Data><Data Name='ProcessId'>0x68</Data><Data Name='CommandLine'></Data><Data Name='TargetUserSid'>S-1-5-21-3292305254-673237663-627579171-1001</Data><Data Name='TargetUserName'>lee</Data><Data Name='TargetDomainName'>DESKTOP-AEELV9Q</Data><Data Name='TargetLogonId'>0xa249d</Data><Data Name='ParentProcessName'>C:\Windows\System32\svchost.exe</Data><Data Name='MandatoryLabel'>S-1-16-12288</Data></EventData></Event>
<Event xmlns='http://schemas.microsoft.com/win/2004/08/events/event'><System><Provider Name='Microsoft-Windows-Security-Auditing' Guid='{54849625-5478-4994-A5BA-3E3B0328C30D}'/><EventID>4688</EventID><Version>2</Version><Level>0</Level><Task>13312</Task><Opcode>0</Opcode><Keywords>0x8020000000000000</Keywords><TimeCreated SystemTime='2019-06-06T00:07:23.595211100Z'/><EventRecordID>33431304</EventRecordID><Correlation/><Execution ProcessID='4' ThreadID='3596'/><Channel>Security</Channel><Computer>DESKTOP-AEELV9Q</Computer><Security/></System><EventData><Data Name='SubjectUserSid'>S-1-5-18</Data><Data Name='SubjectUserName'>DESKTOP-AEELV9Q$</Data><Data Name='SubjectDomainName'>WORKGROUP</Data><Data Name='SubjectLogonId'>0x3e7</Data><Data Name='NewProcessId'>0x3634</Data><Data Name='NewProcessName'>C:\Program Files\WindowsApps\microsoft.windowscommunicationsapps_16005.11629.20174.0_x64__8wekyb3d8bbwe\HxTsr.exe</Data><Data Name='TokenElevationType'>%%1936</Data><Data Name='ProcessId'>0x68</Data><Data Name='CommandLine'></Data><Data Name='TargetUserSid'>S-1-5-21-3292305254-673237663-627579171-1001</Data><Data Name='TargetUserName'>lee</Data><Data Name='TargetDomainName'>DESKTOP-AEELV9Q</Data><Data Name='TargetLogonId'>0xa249d</Data><Data Name='ParentProcessName'>C:\Windows\System32\svchost.exe</Data><Data Name='MandatoryLabel'>S-1-16-4096</Data></EventData></Event>
<Event xmlns='http://schemas.microsoft.com/win/2004/08/events/event'><System><Provider Name='Microsoft-Windows-Security-Auditing' Guid='{54849625-5478-4994-A5BA-3E3B0328C30D}'/><EventID>4688</EventID><Version>2</Version><Level>0</Level><Task>13312</Task><Opcode>0</Opcode><Keywords>0x8020000000000000</Keywords><TimeCreated SystemTime='2019-06-06T00:06:30.238817000Z'/><EventRecordID>33430065</EventRecordID><Correlation/><Execution ProcessID='4' ThreadID='9616'/><Channel>Security</Channel><Computer>DESKTOP-AEELV9Q</Computer><Security/></System><EventData><Data Name='SubjectUserSid'>S-1-5-21-3292305254-673237663-627579171-1001</Data><Data Name='SubjectUserName'>lee</Data><Data Name='SubjectDomainName'>DESKTOP-AEELV9Q</Data><Data Name='SubjectLogonId'>0xa249d</Data><Data Name='NewProcessId'>0x315c</Data><Data Name='NewProcessName'>C:\Program Files (x86)\Google\Chrome\Application\chrome.exe</Data><Data Name='TokenElevationType'>%%1936</Data><Data Name='ProcessId'>0x2178</Data><Data Name='CommandLine'></Data><Data Name='TargetUserSid'>S-1-0-0</Data><Data Name='TargetUserName'>-</Data><Data Name='TargetDomainName'>-</Data><Data Name='TargetLogonId'>0x0</Data><Data Name='ParentProcessName'>C:\Program Files (x86)\Google\Chrome\Application\chrome.exe</Data><Data Name='MandatoryLabel'>S-1-16-4096</Data></EventData></Event>
<Event xmlns='http://schemas.microsoft.com/win/2004/08/events/event'><System><Provider Name='Microsoft-Windows-Security-Auditing' Guid='{54849625-5478-4994-A5BA-3E3B0328C30D}'/><EventID>4688</EventID><Version>2</Version><Level>0</Level><Task>13312</Task><Opcode>0</Opcode><Keywords>0x8020000000000000</Keywords><TimeCreated SystemTime='2019-06-06T00:06:19.752023700Z'/><EventRecordID>33429435</EventRecordID><Correlation/><Execution ProcessID='4' ThreadID='3604'/><Channel>Security</Channel><Computer>DESKTOP-AEELV9Q</Computer><Security/></System><EventData><Data Name='SubjectUserSid'>S-1-5-18</Data><Data Name='SubjectUserName'>DESKTOP-AEELV9Q$</Data><Data Name='SubjectDomainName'>WORKGROUP</Data><Data Name='SubjectLogonId'>0x3e7</Data><Data Name='NewProcessId'>0x6a0</Data><Data Name='NewProcessName'>C:\Windows\System32\svchost.exe</Data><Data Name='TokenElevationType'>%%1936</Data><Data Name='ProcessId'>0x324</Data><Data Name='CommandLine'></Data><Data Name='TargetUserSid'>S-1-0-0</Data><Data Name='TargetUserName'>-</Data><Data Name='TargetDomainName'>-</Data><Data Name='TargetLogonId'>0x0</Data><Data Name='ParentProcessName'>C:\Windows\System32\services.exe</Data><Data Name='MandatoryLabel'>S-1-16-16384</Data></EventData></Event>
